[2020-01-11 17:22:28] INFO:apscheduler.scheduler:Adding job tentatively -- it will be properly scheduled when the scheduler starts
[2020-01-11 17:22:28] INFO:apscheduler.scheduler:Adding job tentatively -- it will be properly scheduled when the scheduler starts
[2020-01-11 17:22:28] INFO:apscheduler.scheduler:Adding job tentatively -- it will be properly scheduled when the scheduler starts
[2020-01-11 17:22:28] INFO:apscheduler.scheduler:Adding job tentatively -- it will be properly scheduled when the scheduler starts
[2020-01-11 17:22:28] INFO:apscheduler.scheduler:Adding job tentatively -- it will be properly scheduled when the scheduler starts
[2020-01-11 17:22:28] INFO:apscheduler.scheduler:Adding job tentatively -- it will be properly scheduled when the scheduler starts
[2020-01-11 17:22:28] INFO:apscheduler.scheduler:Added job "DataLoader.run" to job store "default"
[2020-01-11 17:22:28] INFO:apscheduler.scheduler:Added job "DataLoader.run_concept" to job store "default"
[2020-01-11 17:22:28] INFO:apscheduler.scheduler:Added job "DataLoader.run" to job store "default"
[2020-01-11 17:22:28] INFO:apscheduler.scheduler:Added job "DataLoader.run_concept" to job store "default"
[2020-01-11 17:22:28] INFO:apscheduler.scheduler:Added job "DataLoader.run" to job store "default"
[2020-01-11 17:22:28] INFO:apscheduler.scheduler:Added job "DataLoader.run_concept" to job store "default"
[2020-01-11 17:22:28] INFO:apscheduler.scheduler:Scheduler started
[2020-01-11 17:22:28] INFO:firestone_engine.DataLoader:job get data for ['000000'] is start
[2020-01-11 17:22:28] INFO:apscheduler.scheduler:Scheduler has been shut down
[2020-01-11 17:22:28] INFO:firestone_engine.DataLoader:job get data for ['000000'] is stop
[2020-01-11 18:25:44] INFO:apscheduler.scheduler:Adding job tentatively -- it will be properly scheduled when the scheduler starts
[2020-01-11 18:25:44] INFO:apscheduler.scheduler:Adding job tentatively -- it will be properly scheduled when the scheduler starts
[2020-01-11 18:25:44] INFO:apscheduler.scheduler:Adding job tentatively -- it will be properly scheduled when the scheduler starts
[2020-01-11 18:25:44] INFO:apscheduler.scheduler:Adding job tentatively -- it will be properly scheduled when the scheduler starts
[2020-01-11 18:25:44] INFO:apscheduler.scheduler:Adding job tentatively -- it will be properly scheduled when the scheduler starts
[2020-01-11 18:25:44] INFO:apscheduler.scheduler:Adding job tentatively -- it will be properly scheduled when the scheduler starts
[2020-01-11 18:25:44] INFO:apscheduler.scheduler:Added job "DataLoader.run" to job store "default"
[2020-01-11 18:25:44] INFO:apscheduler.scheduler:Added job "DataLoader.run_concept" to job store "default"
[2020-01-11 18:25:44] INFO:apscheduler.scheduler:Added job "DataLoader.run" to job store "default"
[2020-01-11 18:25:44] INFO:apscheduler.scheduler:Added job "DataLoader.run_concept" to job store "default"
[2020-01-11 18:25:44] INFO:apscheduler.scheduler:Added job "DataLoader.run" to job store "default"
[2020-01-11 18:25:44] INFO:apscheduler.scheduler:Added job "DataLoader.run_concept" to job store "default"
[2020-01-11 18:25:44] INFO:apscheduler.scheduler:Scheduler started
[2020-01-11 18:25:44] INFO:firestone_engine.DataLoader:job get data for ['000000'] is start
[2020-01-11 18:25:44] INFO:apscheduler.scheduler:Scheduler has been shut down
[2020-01-11 18:25:44] INFO:firestone_engine.DataLoader:job get data for ['000000'] is stop
[2020-01-11 18:52:26] INFO:apscheduler.scheduler:Adding job tentatively -- it will be properly scheduled when the scheduler starts
[2020-01-11 18:52:26] INFO:apscheduler.scheduler:Adding job tentatively -- it will be properly scheduled when the scheduler starts
[2020-01-11 18:52:26] INFO:apscheduler.scheduler:Adding job tentatively -- it will be properly scheduled when the scheduler starts
[2020-01-11 18:52:26] INFO:apscheduler.scheduler:Adding job tentatively -- it will be properly scheduled when the scheduler starts
[2020-01-11 18:52:26] INFO:apscheduler.scheduler:Adding job tentatively -- it will be properly scheduled when the scheduler starts
[2020-01-11 18:52:26] INFO:apscheduler.scheduler:Adding job tentatively -- it will be properly scheduled when the scheduler starts
[2020-01-11 18:52:26] INFO:apscheduler.scheduler:Added job "DataLoader.run" to job store "default"
[2020-01-11 18:52:26] INFO:apscheduler.scheduler:Added job "DataLoader.run_concept" to job store "default"
[2020-01-11 18:52:26] INFO:apscheduler.scheduler:Added job "DataLoader.run" to job store "default"
[2020-01-11 18:52:26] INFO:apscheduler.scheduler:Added job "DataLoader.run_concept" to job store "default"
[2020-01-11 18:52:26] INFO:apscheduler.scheduler:Added job "DataLoader.run" to job store "default"
[2020-01-11 18:52:26] INFO:apscheduler.scheduler:Added job "DataLoader.run_concept" to job store "default"
[2020-01-11 18:52:26] INFO:apscheduler.scheduler:Scheduler started
[2020-01-11 18:52:26] INFO:firestone_engine.DataLoader:job get data for ['000000'] is start
[2020-01-11 18:52:26] INFO:apscheduler.scheduler:Scheduler has been shut down
[2020-01-11 18:52:26] INFO:firestone_engine.DataLoader:job get data for ['000000'] is stop
