{"level":30,"time":1578873169058,"pid":5560,"hostname":"xiaxue-PC","name":"firestone-server","msg":"up and running in production @: xiaxue-PC on port: 3000}","v":1}
{"level":30,"time":1578873214514,"pid":5560,"hostname":"xiaxue-PC","name":"firestone-server","msg":"UsersService.login(admin,e10adc3949ba59abbe56e057f20f883e)","v":1}
{"level":30,"time":1578873214556,"pid":5560,"hostname":"xiaxue-PC","name":"firestone-server","msg":"find the user admin","v":1}
{"level":30,"time":1578873214557,"pid":5560,"hostname":"xiaxue-PC","name":"firestone-server","msg":"user admin, login success: id = 5d905db9fc84d3224b0eb59c, access_token = 128e929c7afeee75b103694c84274629097faa8a35416bce4be8fa845014ffec","v":1}
{"level":30,"time":1578873214614,"pid":5560,"hostname":"xiaxue-PC","name":"firestone-server","msg":"user auth success: id = 5d905db9fc84d3224b0eb59c, access_token = 128e929c7afeee75b103694c84274629097faa8a35416bce4be8fa845014ffec","v":1}
{"level":30,"time":1578873225328,"pid":5560,"hostname":"xiaxue-PC","name":"firestone-server","msg":"user auth success: id = 5d905db9fc84d3224b0eb59c, access_token = 128e929c7afeee75b103694c84274629097faa8a35416bce4be8fa845014ffec","v":1}
{"level":30,"time":1578873225414,"pid":5560,"hostname":"xiaxue-PC","name":"firestone-server","msg":"find the configMock 5d905db9fc84d3224b0eb59c","v":1}
{"level":30,"time":1578873349684,"pid":5560,"hostname":"xiaxue-PC","name":"firestone-server","msg":"send heart beat to ths get response = {\"errorcode\":0,\"errormsg\":\"\\u8bf7\\u6c42\\u6210\\u529f   \",\"result\":{\"list\":[],\"data\":{\"ret_code\":\"0\",\"ret_msg\":\"\\u8bf7\\u6c42\\u6210\\u529f   \",\"request_begin_time\":\"2020-01-13\",\"gdxm\":\"UID_415399\",\"zjzh\":\"58382679\",\"yyb_ip\":\"trade.10jqka.com.cn\",\"client_ip\":\"112.5.202.134\",\"lg_account\":\"58382679\",\"client_cmd\":\"cmd_qu_chengjiao_today\",\"cmd\":\"cmd_qu_chengjiao\",\"req_time\":\"11\",\"option\":\"1\",\"yyb_id\":\"0\",\"is_show_tbl\":\"1\",\"usedeftxmm\":\"1\",\"iskfjj\":\"0\",\"extend\":\"wtfs*web|mobile*web|client*web|zjzh*58382679|notcheck*1|\",\"lg_account_type\":\"0\",\"yyb_port\":\"8002\"},\"extend\":{\"ex\":\"2.0\",\"bloc\":\"\",\"exl\":\"00039\",\"upflag\":\"0\",\"eloc\":\"\",\"extend_data\":\"\"}}}","v":1}
{"level":30,"time":1578873349703,"pid":5560,"hostname":"xiaxue-PC","name":"firestone-server","msg":"userId = 5d905db9fc84d3224b0eb59c, update config = {\"maxBuyNum\":5,\"cookie\":\"isSaveAccount=0; searchGuide=sg; spversion=20130314; historystock=300462%7C*%7C300707; __utma=156575163.353407385.1539410504.1578650345.1578723499.49; __utmz=156575163.1578723499.49.48.utmcsr=yamixed.com|utmccn=(referral)|utmcmd=referral|utmcct=/fav/article/2/157; PHPSESSID=c3dd3d30b0d7f6808dbe017cd5d7333c; user=MDphcXVhSVFjOjpOb25lOjUwMDo0MjUzOTk0Njc6NywxMTExMTExMTExMSw0MDs0NCwxMSw0MDs2LDEsNDA7NSwxLDQwOzEsMSw0MDsyLDEsNDA7MywxLDQwOzUsMSw0MDs4LDAwMDAwMDAwMDAwMDAwMDAwMDAwMDAxLDQwOjI0Ojo6NDE1Mzk5NDY3OjE1Nzg4NzMyNzY6OjoxNTA2MDQ4OTYwOjg2NDAwOjA6MTgyMjdhNjcyYzMyMzlmMzA0NTFhMTBmYWU5YThjODA1OmRlZmF1bHRfNDox; userid=415399467; u_name=aquaIQc; escapename=aquaIQc; ticket=d9376c47d3758a222290f118d39a4aff; log=; v=Ant5K1Z2oZnX_p0t7KjI3iiKClTm0I_UieRThm04V3qRzJEC9aAfIpm049t-; Hm_lvt_78c58f01938e4d85eaf619eae71b4ed1=1578613281,1578723506,1578734498,1578873290; Hm_lpvt_78c58f01938e4d85eaf619eae71b4ed1=1578873290\",\"gdzh\":\"00109207787\",\"sh_gdzh\":\"A484928121\",\"username\":\"58382679\"}","v":1}
{"level":30,"time":1578873349735,"pid":5560,"hostname":"xiaxue-PC","name":"firestone-server","msg":"user auth success: id = 5d905db9fc84d3224b0eb59c, access_token = 128e929c7afeee75b103694c84274629097faa8a35416bce4be8fa845014ffec","v":1}
{"level":30,"time":1578873349839,"pid":5560,"hostname":"xiaxue-PC","name":"firestone-server","msg":"find the mockTrade of user 5d905db9fc84d3224b0eb59c","v":1}
{"level":30,"time":1578873361604,"pid":5560,"hostname":"xiaxue-PC","name":"firestone-server","msg":"user auth success: id = 5d905db9fc84d3224b0eb59c, access_token = 128e929c7afeee75b103694c84274629097faa8a35416bce4be8fa845014ffec","v":1}
{"level":30,"time":1578873369969,"pid":5560,"hostname":"xiaxue-PC","name":"firestone-server","msg":"userId = 5d905db9fc84d3224b0eb59c, update mockTradeId = 5e19955152b131224c698380 with update = {\"params\":{\"code\":\"N/A\",\"executeDate\":\"2020-01-13\",\"index_percent\":\"1.00\",\"concepts\":\"华为概念,新能源汽车,区块链,5G,锂电池,文化传媒,雄安新区,大数据,芯片概念,工业4.0,光伏概念,长三角一体化,ST板块,云计算,生物医药,小金属概念,人工智能,智慧城市,特斯拉,国产软件,虚拟现实,智能电网,人民币贬值受益,燃料电池,天然气,国产操作系统,新零售,集成电路概念,边缘计算,充电桩,苹果概念,工业互联网,网络安全,智能穿戴,柔性屏,汽车电子,互联网医疗,粤港澳大湾区,无人驾驶,安防,网络游戏,稀土永磁,手机游戏,工业大麻,无线耳机,石墨烯,上海自贸区,跨境电商,智能交通,横琴新区,卫星导航,智能医疗,黄金概念,供应链金融,智能物流,稀缺资源,网红经济,数字中国,知识产权保护,ETC,人造肉,数字货币,人脸识别,蓝宝石,禽流感,钴,猪肉,无线充电,电子竞技,量子通信,华为海思概念股,水泥,自由贸易港,超级品牌,胎压监测,光刻胶,北汽新能源,智能音箱,云游戏,福建自贸区,网络切片,超导,石墨电极,澳交所概念,语音技术,MiniLED\",\"company_count\":\"500\",\"stock_percent\":\"9.90\",\"top_concept\":\"5\",\"max_concept\":\"6\",\"monitor_count\":\"5\",\"max_percent\":\"3.00\",\"volume\":\"10000\",\"strategyId\":\"5da19b7d181fc3600c5544c3\"}}","v":1}
{"level":30,"time":1578873369998,"pid":5560,"hostname":"xiaxue-PC","name":"firestone-server","msg":"user auth success: id = 5d905db9fc84d3224b0eb59c, access_token = 128e929c7afeee75b103694c84274629097faa8a35416bce4be8fa845014ffec","v":1}
{"level":30,"time":1578873370054,"pid":5560,"hostname":"xiaxue-PC","name":"firestone-server","msg":"find the mockTrade of user 5d905db9fc84d3224b0eb59c","v":1}
{"level":30,"time":1578873382091,"pid":5560,"hostname":"xiaxue-PC","name":"firestone-server","msg":"userId = 5d905db9fc84d3224b0eb59c, update mockTradeId = 5e19955152b131224c698380 with update = {\"state\":\"运行中\"}","v":1}
{"level":30,"time":1578873382127,"pid":5560,"hostname":"xiaxue-PC","name":"firestone-server","msg":"start the firestonerock service code=N/A, tradeId=5e19955152b131224c698380","v":1}
{"level":30,"time":1578873400019,"pid":5560,"hostname":"xiaxue-PC","name":"firestone-server","msg":"find the mockTrade of user 5d905db9fc84d3224b0eb59c","v":1}
{"level":30,"time":1578873430021,"pid":5560,"hostname":"xiaxue-PC","name":"firestone-server","msg":"find the mockTrade of user 5d905db9fc84d3224b0eb59c","v":1}
{"level":30,"time":1578873460039,"pid":5560,"hostname":"xiaxue-PC","name":"firestone-server","msg":"find the mockTrade of user 5d905db9fc84d3224b0eb59c","v":1}
{"level":30,"time":1578873490021,"pid":5560,"hostname":"xiaxue-PC","name":"firestone-server","msg":"find the mockTrade of user 5d905db9fc84d3224b0eb59c","v":1}
{"level":30,"time":1578873520022,"pid":5560,"hostname":"xiaxue-PC","name":"firestone-server","msg":"find the mockTrade of user 5d905db9fc84d3224b0eb59c","v":1}
{"level":30,"time":1578873550026,"pid":5560,"hostname":"xiaxue-PC","name":"firestone-server","msg":"find the mockTrade of user 5d905db9fc84d3224b0eb59c","v":1}
{"level":30,"time":1578873580023,"pid":5560,"hostname":"xiaxue-PC","name":"firestone-server","msg":"find the mockTrade of user 5d905db9fc84d3224b0eb59c","v":1}
{"level":30,"time":1578873600008,"pid":5560,"hostname":"xiaxue-PC","name":"firestone-server","msg":"find the configMock 5d905db9fc84d3224b0eb59c","v":1}
{"level":30,"time":1578873600325,"pid":5560,"hostname":"xiaxue-PC","name":"firestone-server","msg":"send heart beat to ths get response = {\"errorcode\":0,\"errormsg\":\"\\u8bf7\\u6c42\\u6210\\u529f   \",\"result\":{\"list\":[],\"data\":{\"ret_code\":\"0\",\"ret_msg\":\"\\u8bf7\\u6c42\\u6210\\u529f   \",\"request_begin_time\":\"2020-01-13\",\"gdxm\":\"UID_415399\",\"zjzh\":\"58382679\",\"yyb_ip\":\"trade.10jqka.com.cn\",\"client_ip\":\"112.5.202.134\",\"lg_account\":\"58382679\",\"client_cmd\":\"cmd_qu_chengjiao_today\",\"cmd\":\"cmd_qu_chengjiao\",\"req_time\":\"12\",\"option\":\"1\",\"yyb_id\":\"0\",\"is_show_tbl\":\"1\",\"usedeftxmm\":\"1\",\"iskfjj\":\"0\",\"extend\":\"wtfs*web|mobile*web|client*web|zjzh*58382679|notcheck*1|\",\"lg_account_type\":\"0\",\"yyb_port\":\"8002\"},\"extend\":{\"ex\":\"2.0\",\"bloc\":\"\",\"exl\":\"00039\",\"upflag\":\"0\",\"eloc\":\"\",\"extend_data\":\"\"}}}","v":1}
{"level":30,"time":1578873610024,"pid":5560,"hostname":"xiaxue-PC","name":"firestone-server","msg":"find the mockTrade of user 5d905db9fc84d3224b0eb59c","v":1}
{"level":30,"time":1578873640022,"pid":5560,"hostname":"xiaxue-PC","name":"firestone-server","msg":"find the mockTrade of user 5d905db9fc84d3224b0eb59c","v":1}
{"level":30,"time":1578873670024,"pid":5560,"hostname":"xiaxue-PC","name":"firestone-server","msg":"find the mockTrade of user 5d905db9fc84d3224b0eb59c","v":1}
{"level":30,"time":1578873700023,"pid":5560,"hostname":"xiaxue-PC","name":"firestone-server","msg":"find the mockTrade of user 5d905db9fc84d3224b0eb59c","v":1}
{"level":30,"time":1578873730026,"pid":5560,"hostname":"xiaxue-PC","name":"firestone-server","msg":"find the mockTrade of user 5d905db9fc84d3224b0eb59c","v":1}
{"level":30,"time":1578873760026,"pid":5560,"hostname":"xiaxue-PC","name":"firestone-server","msg":"find the mockTrade of user 5d905db9fc84d3224b0eb59c","v":1}
{"level":30,"time":1578873790030,"pid":5560,"hostname":"xiaxue-PC","name":"firestone-server","msg":"find the mockTrade of user 5d905db9fc84d3224b0eb59c","v":1}
{"level":30,"time":1578873820029,"pid":5560,"hostname":"xiaxue-PC","name":"firestone-server","msg":"find the mockTrade of user 5d905db9fc84d3224b0eb59c","v":1}
{"level":30,"time":1578873850029,"pid":5560,"hostname":"xiaxue-PC","name":"firestone-server","msg":"find the mockTrade of user 5d905db9fc84d3224b0eb59c","v":1}
{"level":30,"time":1578873880028,"pid":5560,"hostname":"xiaxue-PC","name":"firestone-server","msg":"find the mockTrade of user 5d905db9fc84d3224b0eb59c","v":1}
{"level":30,"time":1578873910030,"pid":5560,"hostname":"xiaxue-PC","name":"firestone-server","msg":"find the mockTrade of user 5d905db9fc84d3224b0eb59c","v":1}
{"level":30,"time":1578873940028,"pid":5560,"hostname":"xiaxue-PC","name":"firestone-server","msg":"find the mockTrade of user 5d905db9fc84d3224b0eb59c","v":1}
{"level":30,"time":1578873970029,"pid":5560,"hostname":"xiaxue-PC","name":"firestone-server","msg":"find the mockTrade of user 5d905db9fc84d3224b0eb59c","v":1}
{"level":30,"time":1578874000031,"pid":5560,"hostname":"xiaxue-PC","name":"firestone-server","msg":"find the mockTrade of user 5d905db9fc84d3224b0eb59c","v":1}
{"level":30,"time":1578874030030,"pid":5560,"hostname":"xiaxue-PC","name":"firestone-server","msg":"find the mockTrade of user 5d905db9fc84d3224b0eb59c","v":1}
{"level":30,"time":1578874060032,"pid":5560,"hostname":"xiaxue-PC","name":"firestone-server","msg":"find the mockTrade of user 5d905db9fc84d3224b0eb59c","v":1}
{"level":30,"time":1578874090031,"pid":5560,"hostname":"xiaxue-PC","name":"firestone-server","msg":"find the mockTrade of user 5d905db9fc84d3224b0eb59c","v":1}
{"level":30,"time":1578874120030,"pid":5560,"hostname":"xiaxue-PC","name":"firestone-server","msg":"find the mockTrade of user 5d905db9fc84d3224b0eb59c","v":1}
{"level":30,"time":1578874150033,"pid":5560,"hostname":"xiaxue-PC","name":"firestone-server","msg":"find the mockTrade of user 5d905db9fc84d3224b0eb59c","v":1}
{"level":30,"time":1578874180033,"pid":5560,"hostname":"xiaxue-PC","name":"firestone-server","msg":"find the mockTrade of user 5d905db9fc84d3224b0eb59c","v":1}
{"level":30,"time":1578874200014,"pid":5560,"hostname":"xiaxue-PC","name":"firestone-server","msg":"find the configMock 5d905db9fc84d3224b0eb59c","v":1}
{"level":30,"time":1578874200373,"pid":5560,"hostname":"xiaxue-PC","name":"firestone-server","msg":"send heart beat to ths get response = {\"errorcode\":0,\"errormsg\":\"\\u8bf7\\u6c42\\u6210\\u529f   \",\"result\":{\"list\":[],\"data\":{\"ret_code\":\"0\",\"ret_msg\":\"\\u8bf7\\u6c42\\u6210\\u529f   \",\"request_begin_time\":\"2020-01-13\",\"gdxm\":\"UID_415399\",\"zjzh\":\"58382679\",\"yyb_ip\":\"trade.10jqka.com.cn\",\"client_ip\":\"112.5.202.134\",\"lg_account\":\"58382679\",\"client_cmd\":\"cmd_qu_chengjiao_today\",\"cmd\":\"cmd_qu_chengjiao\",\"req_time\":\"34\",\"option\":\"1\",\"yyb_id\":\"0\",\"is_show_tbl\":\"1\",\"usedeftxmm\":\"1\",\"iskfjj\":\"0\",\"extend\":\"wtfs*web|mobile*web|client*web|zjzh*58382679|notcheck*1|\",\"lg_account_type\":\"0\",\"yyb_port\":\"8002\"},\"extend\":{\"ex\":\"2.0\",\"bloc\":\"\",\"exl\":\"00039\",\"upflag\":\"0\",\"eloc\":\"\",\"extend_data\":\"\"}}}","v":1}
{"level":30,"time":1578874210033,"pid":5560,"hostname":"xiaxue-PC","name":"firestone-server","msg":"find the mockTrade of user 5d905db9fc84d3224b0eb59c","v":1}
{"level":30,"time":1578874240034,"pid":5560,"hostname":"xiaxue-PC","name":"firestone-server","msg":"find the mockTrade of user 5d905db9fc84d3224b0eb59c","v":1}
{"level":30,"time":1578874270034,"pid":5560,"hostname":"xiaxue-PC","name":"firestone-server","msg":"find the mockTrade of user 5d905db9fc84d3224b0eb59c","v":1}
{"level":30,"time":1578874300034,"pid":5560,"hostname":"xiaxue-PC","name":"firestone-server","msg":"find the mockTrade of user 5d905db9fc84d3224b0eb59c","v":1}
{"level":30,"time":1578874330034,"pid":5560,"hostname":"xiaxue-PC","name":"firestone-server","msg":"find the mockTrade of user 5d905db9fc84d3224b0eb59c","v":1}
{"level":30,"time":1578874360035,"pid":5560,"hostname":"xiaxue-PC","name":"firestone-server","msg":"find the mockTrade of user 5d905db9fc84d3224b0eb59c","v":1}
{"level":30,"time":1578874390037,"pid":5560,"hostname":"xiaxue-PC","name":"firestone-server","msg":"find the mockTrade of user 5d905db9fc84d3224b0eb59c","v":1}
{"level":30,"time":1578874420038,"pid":5560,"hostname":"xiaxue-PC","name":"firestone-server","msg":"find the mockTrade of user 5d905db9fc84d3224b0eb59c","v":1}
{"level":30,"time":1578874450037,"pid":5560,"hostname":"xiaxue-PC","name":"firestone-server","msg":"find the mockTrade of user 5d905db9fc84d3224b0eb59c","v":1}
{"level":30,"time":1578874480038,"pid":5560,"hostname":"xiaxue-PC","name":"firestone-server","msg":"find the mockTrade of user 5d905db9fc84d3224b0eb59c","v":1}
{"level":30,"time":1578874510038,"pid":5560,"hostname":"xiaxue-PC","name":"firestone-server","msg":"find the mockTrade of user 5d905db9fc84d3224b0eb59c","v":1}
{"level":30,"time":1578874540039,"pid":5560,"hostname":"xiaxue-PC","name":"firestone-server","msg":"find the mockTrade of user 5d905db9fc84d3224b0eb59c","v":1}
{"level":30,"time":1578874570040,"pid":5560,"hostname":"xiaxue-PC","name":"firestone-server","msg":"find the mockTrade of user 5d905db9fc84d3224b0eb59c","v":1}
{"level":30,"time":1578874600040,"pid":5560,"hostname":"xiaxue-PC","name":"firestone-server","msg":"find the mockTrade of user 5d905db9fc84d3224b0eb59c","v":1}
{"level":30,"time":1578874630041,"pid":5560,"hostname":"xiaxue-PC","name":"firestone-server","msg":"find the mockTrade of user 5d905db9fc84d3224b0eb59c","v":1}
{"level":30,"time":1578874660041,"pid":5560,"hostname":"xiaxue-PC","name":"firestone-server","msg":"find the mockTrade of user 5d905db9fc84d3224b0eb59c","v":1}
{"level":30,"time":1578874690042,"pid":5560,"hostname":"xiaxue-PC","name":"firestone-server","msg":"find the mockTrade of user 5d905db9fc84d3224b0eb59c","v":1}
{"level":30,"time":1578874720043,"pid":5560,"hostname":"xiaxue-PC","name":"firestone-server","msg":"find the mockTrade of user 5d905db9fc84d3224b0eb59c","v":1}
{"level":30,"time":1578874750254,"pid":5560,"hostname":"xiaxue-PC","name":"firestone-server","msg":"find the mockTrade of user 5d905db9fc84d3224b0eb59c","v":1}
{"level":30,"time":1578874780044,"pid":5560,"hostname":"xiaxue-PC","name":"firestone-server","msg":"find the mockTrade of user 5d905db9fc84d3224b0eb59c","v":1}
{"level":30,"time":1578874800014,"pid":5560,"hostname":"xiaxue-PC","name":"firestone-server","msg":"find the configMock 5d905db9fc84d3224b0eb59c","v":1}
{"level":30,"time":1578874800380,"pid":5560,"hostname":"xiaxue-PC","name":"firestone-server","msg":"send heart beat to ths get response = {\"errorcode\":0,\"errormsg\":\"\\u8bf7\\u6c42\\u6210\\u529f   \",\"result\":{\"list\":[],\"data\":{\"ret_code\":\"0\",\"ret_msg\":\"\\u8bf7\\u6c42\\u6210\\u529f   \",\"request_begin_time\":\"2020-01-13\",\"gdxm\":\"UID_415399\",\"zjzh\":\"58382679\",\"yyb_ip\":\"trade.10jqka.com.cn\",\"client_ip\":\"112.5.202.134\",\"lg_account\":\"58382679\",\"client_cmd\":\"cmd_qu_chengjiao_today\",\"cmd\":\"cmd_qu_chengjiao\",\"req_time\":\"34\",\"option\":\"1\",\"yyb_id\":\"0\",\"is_show_tbl\":\"1\",\"usedeftxmm\":\"1\",\"iskfjj\":\"0\",\"extend\":\"wtfs*web|mobile*web|client*web|zjzh*58382679|notcheck*1|\",\"lg_account_type\":\"0\",\"yyb_port\":\"8002\"},\"extend\":{\"ex\":\"2.0\",\"bloc\":\"\",\"exl\":\"00039\",\"upflag\":\"0\",\"eloc\":\"\",\"extend_data\":\"\"}}}","v":1}
{"level":30,"time":1578874810047,"pid":5560,"hostname":"xiaxue-PC","name":"firestone-server","msg":"find the mockTrade of user 5d905db9fc84d3224b0eb59c","v":1}
{"level":30,"time":1578874840044,"pid":5560,"hostname":"xiaxue-PC","name":"firestone-server","msg":"find the mockTrade of user 5d905db9fc84d3224b0eb59c","v":1}
{"level":30,"time":1578874870046,"pid":5560,"hostname":"xiaxue-PC","name":"firestone-server","msg":"find the mockTrade of user 5d905db9fc84d3224b0eb59c","v":1}
{"level":30,"time":1578874900045,"pid":5560,"hostname":"xiaxue-PC","name":"firestone-server","msg":"find the mockTrade of user 5d905db9fc84d3224b0eb59c","v":1}
{"level":30,"time":1578874930048,"pid":5560,"hostname":"xiaxue-PC","name":"firestone-server","msg":"find the mockTrade of user 5d905db9fc84d3224b0eb59c","v":1}
{"level":30,"time":1578874960047,"pid":5560,"hostname":"xiaxue-PC","name":"firestone-server","msg":"find the mockTrade of user 5d905db9fc84d3224b0eb59c","v":1}
{"level":30,"time":1578874990048,"pid":5560,"hostname":"xiaxue-PC","name":"firestone-server","msg":"find the mockTrade of user 5d905db9fc84d3224b0eb59c","v":1}
{"level":30,"time":1578875020050,"pid":5560,"hostname":"xiaxue-PC","name":"firestone-server","msg":"find the mockTrade of user 5d905db9fc84d3224b0eb59c","v":1}
{"level":30,"time":1578875050049,"pid":5560,"hostname":"xiaxue-PC","name":"firestone-server","msg":"find the mockTrade of user 5d905db9fc84d3224b0eb59c","v":1}
{"level":30,"time":1578875080049,"pid":5560,"hostname":"xiaxue-PC","name":"firestone-server","msg":"find the mockTrade of user 5d905db9fc84d3224b0eb59c","v":1}
{"level":30,"time":1578875110051,"pid":5560,"hostname":"xiaxue-PC","name":"firestone-server","msg":"find the mockTrade of user 5d905db9fc84d3224b0eb59c","v":1}
{"level":30,"time":1578875140050,"pid":5560,"hostname":"xiaxue-PC","name":"firestone-server","msg":"find the mockTrade of user 5d905db9fc84d3224b0eb59c","v":1}
{"level":30,"time":1578875170051,"pid":5560,"hostname":"xiaxue-PC","name":"firestone-server","msg":"find the mockTrade of user 5d905db9fc84d3224b0eb59c","v":1}
{"level":30,"time":1578875200051,"pid":5560,"hostname":"xiaxue-PC","name":"firestone-server","msg":"find the mockTrade of user 5d905db9fc84d3224b0eb59c","v":1}
{"level":30,"time":1578875230053,"pid":5560,"hostname":"xiaxue-PC","name":"firestone-server","msg":"find the mockTrade of user 5d905db9fc84d3224b0eb59c","v":1}
{"level":30,"time":1578875260053,"pid":5560,"hostname":"xiaxue-PC","name":"firestone-server","msg":"find the mockTrade of user 5d905db9fc84d3224b0eb59c","v":1}
{"level":30,"time":1578875290054,"pid":5560,"hostname":"xiaxue-PC","name":"firestone-server","msg":"find the mockTrade of user 5d905db9fc84d3224b0eb59c","v":1}
{"level":30,"time":1578875320054,"pid":5560,"hostname":"xiaxue-PC","name":"firestone-server","msg":"find the mockTrade of user 5d905db9fc84d3224b0eb59c","v":1}
{"level":30,"time":1578875350055,"pid":5560,"hostname":"xiaxue-PC","name":"firestone-server","msg":"find the mockTrade of user 5d905db9fc84d3224b0eb59c","v":1}
{"level":30,"time":1578875380054,"pid":5560,"hostname":"xiaxue-PC","name":"firestone-server","msg":"find the mockTrade of user 5d905db9fc84d3224b0eb59c","v":1}
{"level":30,"time":1578875400013,"pid":5560,"hostname":"xiaxue-PC","name":"firestone-server","msg":"find the configMock 5d905db9fc84d3224b0eb59c","v":1}
{"level":30,"time":1578875400323,"pid":5560,"hostname":"xiaxue-PC","name":"firestone-server","msg":"send heart beat to ths get response = {\"errorcode\":0,\"errormsg\":\"\\u8bf7\\u6c42\\u6210\\u529f   \",\"result\":{\"list\":[],\"data\":{\"ret_code\":\"0\",\"ret_msg\":\"\\u8bf7\\u6c42\\u6210\\u529f   \",\"request_begin_time\":\"2020-01-13\",\"gdxm\":\"UID_415399\",\"zjzh\":\"58382679\",\"yyb_ip\":\"trade.10jqka.com.cn\",\"client_ip\":\"112.5.202.134\",\"lg_account\":\"58382679\",\"client_cmd\":\"cmd_qu_chengjiao_today\",\"cmd\":\"cmd_qu_chengjiao\",\"req_time\":\"34\",\"option\":\"1\",\"yyb_id\":\"0\",\"is_show_tbl\":\"1\",\"usedeftxmm\":\"1\",\"iskfjj\":\"0\",\"extend\":\"wtfs*web|mobile*web|client*web|zjzh*58382679|notcheck*1|\",\"lg_account_type\":\"0\",\"yyb_port\":\"8002\"},\"extend\":{\"ex\":\"2.0\",\"bloc\":\"\",\"exl\":\"00039\",\"upflag\":\"0\",\"eloc\":\"\",\"extend_data\":\"\"}}}","v":1}
{"level":30,"time":1578875410056,"pid":5560,"hostname":"xiaxue-PC","name":"firestone-server","msg":"find the mockTrade of user 5d905db9fc84d3224b0eb59c","v":1}
{"level":30,"time":1578875440056,"pid":5560,"hostname":"xiaxue-PC","name":"firestone-server","msg":"find the mockTrade of user 5d905db9fc84d3224b0eb59c","v":1}
{"level":30,"time":1578875470057,"pid":5560,"hostname":"xiaxue-PC","name":"firestone-server","msg":"find the mockTrade of user 5d905db9fc84d3224b0eb59c","v":1}
{"level":30,"time":1578875500056,"pid":5560,"hostname":"xiaxue-PC","name":"firestone-server","msg":"find the mockTrade of user 5d905db9fc84d3224b0eb59c","v":1}
{"level":30,"time":1578875530059,"pid":5560,"hostname":"xiaxue-PC","name":"firestone-server","msg":"find the mockTrade of user 5d905db9fc84d3224b0eb59c","v":1}
{"level":30,"time":1578875560057,"pid":5560,"hostname":"xiaxue-PC","name":"firestone-server","msg":"find the mockTrade of user 5d905db9fc84d3224b0eb59c","v":1}
{"level":30,"time":1578875590059,"pid":5560,"hostname":"xiaxue-PC","name":"firestone-server","msg":"find the mockTrade of user 5d905db9fc84d3224b0eb59c","v":1}
{"level":30,"time":1578875620063,"pid":5560,"hostname":"xiaxue-PC","name":"firestone-server","msg":"find the mockTrade of user 5d905db9fc84d3224b0eb59c","v":1}
{"level":30,"time":1578875650060,"pid":5560,"hostname":"xiaxue-PC","name":"firestone-server","msg":"find the mockTrade of user 5d905db9fc84d3224b0eb59c","v":1}
{"level":30,"time":1578875680061,"pid":5560,"hostname":"xiaxue-PC","name":"firestone-server","msg":"find the mockTrade of user 5d905db9fc84d3224b0eb59c","v":1}
{"level":30,"time":1578875710063,"pid":5560,"hostname":"xiaxue-PC","name":"firestone-server","msg":"find the mockTrade of user 5d905db9fc84d3224b0eb59c","v":1}
{"level":30,"time":1578875740061,"pid":5560,"hostname":"xiaxue-PC","name":"firestone-server","msg":"find the mockTrade of user 5d905db9fc84d3224b0eb59c","v":1}
{"level":30,"time":1578875770063,"pid":5560,"hostname":"xiaxue-PC","name":"firestone-server","msg":"find the mockTrade of user 5d905db9fc84d3224b0eb59c","v":1}
{"level":30,"time":1578875800063,"pid":5560,"hostname":"xiaxue-PC","name":"firestone-server","msg":"find the mockTrade of user 5d905db9fc84d3224b0eb59c","v":1}
{"level":30,"time":1578875830064,"pid":5560,"hostname":"xiaxue-PC","name":"firestone-server","msg":"find the mockTrade of user 5d905db9fc84d3224b0eb59c","v":1}
{"level":30,"time":1578875860064,"pid":5560,"hostname":"xiaxue-PC","name":"firestone-server","msg":"find the mockTrade of user 5d905db9fc84d3224b0eb59c","v":1}
{"level":30,"time":1578875890065,"pid":5560,"hostname":"xiaxue-PC","name":"firestone-server","msg":"find the mockTrade of user 5d905db9fc84d3224b0eb59c","v":1}
{"level":30,"time":1578875920064,"pid":5560,"hostname":"xiaxue-PC","name":"firestone-server","msg":"find the mockTrade of user 5d905db9fc84d3224b0eb59c","v":1}
{"level":30,"time":1578875950066,"pid":5560,"hostname":"xiaxue-PC","name":"firestone-server","msg":"find the mockTrade of user 5d905db9fc84d3224b0eb59c","v":1}
{"level":30,"time":1578875980066,"pid":5560,"hostname":"xiaxue-PC","name":"firestone-server","msg":"find the mockTrade of user 5d905db9fc84d3224b0eb59c","v":1}
{"level":30,"time":1578876000015,"pid":5560,"hostname":"xiaxue-PC","name":"firestone-server","msg":"find the configMock 5d905db9fc84d3224b0eb59c","v":1}
{"level":30,"time":1578876000448,"pid":5560,"hostname":"xiaxue-PC","name":"firestone-server","msg":"send heart beat to ths get response = {\"errorcode\":0,\"errormsg\":\"\\u8bf7\\u6c42\\u6210\\u529f   \",\"result\":{\"list\":[],\"data\":{\"ret_code\":\"0\",\"ret_msg\":\"\\u8bf7\\u6c42\\u6210\\u529f   \",\"request_begin_time\":\"2020-01-13\",\"gdxm\":\"UID_415399\",\"zjzh\":\"58382679\",\"yyb_ip\":\"trade.10jqka.com.cn\",\"client_ip\":\"112.5.202.134\",\"lg_account\":\"58382679\",\"client_cmd\":\"cmd_qu_chengjiao_today\",\"cmd\":\"cmd_qu_chengjiao\",\"req_time\":\"31\",\"option\":\"1\",\"yyb_id\":\"0\",\"is_show_tbl\":\"1\",\"usedeftxmm\":\"1\",\"iskfjj\":\"0\",\"extend\":\"wtfs*web|mobile*web|client*web|zjzh*58382679|notcheck*1|\",\"lg_account_type\":\"0\",\"yyb_port\":\"8002\"},\"extend\":{\"ex\":\"2.0\",\"bloc\":\"\",\"exl\":\"00039\",\"upflag\":\"0\",\"eloc\":\"\",\"extend_data\":\"\"}}}","v":1}
{"level":30,"time":1578876010068,"pid":5560,"hostname":"xiaxue-PC","name":"firestone-server","msg":"find the mockTrade of user 5d905db9fc84d3224b0eb59c","v":1}
{"level":30,"time":1578876040067,"pid":5560,"hostname":"xiaxue-PC","name":"firestone-server","msg":"find the mockTrade of user 5d905db9fc84d3224b0eb59c","v":1}
{"level":30,"time":1578876070068,"pid":5560,"hostname":"xiaxue-PC","name":"firestone-server","msg":"find the mockTrade of user 5d905db9fc84d3224b0eb59c","v":1}
{"level":30,"time":1578876100067,"pid":5560,"hostname":"xiaxue-PC","name":"firestone-server","msg":"find the mockTrade of user 5d905db9fc84d3224b0eb59c","v":1}
{"level":30,"time":1578876130070,"pid":5560,"hostname":"xiaxue-PC","name":"firestone-server","msg":"find the mockTrade of user 5d905db9fc84d3224b0eb59c","v":1}
{"level":30,"time":1578876160069,"pid":5560,"hostname":"xiaxue-PC","name":"firestone-server","msg":"find the mockTrade of user 5d905db9fc84d3224b0eb59c","v":1}
{"level":30,"time":1578876190070,"pid":5560,"hostname":"xiaxue-PC","name":"firestone-server","msg":"find the mockTrade of user 5d905db9fc84d3224b0eb59c","v":1}
{"level":30,"time":1578876220070,"pid":5560,"hostname":"xiaxue-PC","name":"firestone-server","msg":"find the mockTrade of user 5d905db9fc84d3224b0eb59c","v":1}
{"level":30,"time":1578876250071,"pid":5560,"hostname":"xiaxue-PC","name":"firestone-server","msg":"find the mockTrade of user 5d905db9fc84d3224b0eb59c","v":1}
{"level":30,"time":1578876280071,"pid":5560,"hostname":"xiaxue-PC","name":"firestone-server","msg":"find the mockTrade of user 5d905db9fc84d3224b0eb59c","v":1}
{"level":30,"time":1578876310071,"pid":5560,"hostname":"xiaxue-PC","name":"firestone-server","msg":"find the mockTrade of user 5d905db9fc84d3224b0eb59c","v":1}
{"level":30,"time":1578876340072,"pid":5560,"hostname":"xiaxue-PC","name":"firestone-server","msg":"find the mockTrade of user 5d905db9fc84d3224b0eb59c","v":1}
{"level":30,"time":1578876370074,"pid":5560,"hostname":"xiaxue-PC","name":"firestone-server","msg":"find the mockTrade of user 5d905db9fc84d3224b0eb59c","v":1}
{"level":30,"time":1578876400075,"pid":5560,"hostname":"xiaxue-PC","name":"firestone-server","msg":"find the mockTrade of user 5d905db9fc84d3224b0eb59c","v":1}
{"level":30,"time":1578876430075,"pid":5560,"hostname":"xiaxue-PC","name":"firestone-server","msg":"find the mockTrade of user 5d905db9fc84d3224b0eb59c","v":1}
{"level":30,"time":1578876460073,"pid":5560,"hostname":"xiaxue-PC","name":"firestone-server","msg":"find the mockTrade of user 5d905db9fc84d3224b0eb59c","v":1}
{"level":30,"time":1578876490075,"pid":5560,"hostname":"xiaxue-PC","name":"firestone-server","msg":"find the mockTrade of user 5d905db9fc84d3224b0eb59c","v":1}
{"level":30,"time":1578876520075,"pid":5560,"hostname":"xiaxue-PC","name":"firestone-server","msg":"find the mockTrade of user 5d905db9fc84d3224b0eb59c","v":1}
{"level":30,"time":1578876550076,"pid":5560,"hostname":"xiaxue-PC","name":"firestone-server","msg":"find the mockTrade of user 5d905db9fc84d3224b0eb59c","v":1}
{"level":30,"time":1578876580077,"pid":5560,"hostname":"xiaxue-PC","name":"firestone-server","msg":"find the mockTrade of user 5d905db9fc84d3224b0eb59c","v":1}
{"level":30,"time":1578876600014,"pid":5560,"hostname":"xiaxue-PC","name":"firestone-server","msg":"find the configMock 5d905db9fc84d3224b0eb59c","v":1}
{"level":30,"time":1578876600364,"pid":5560,"hostname":"xiaxue-PC","name":"firestone-server","msg":"send heart beat to ths get response = {\"errorcode\":0,\"errormsg\":\"\\u8bf7\\u6c42\\u6210\\u529f   \",\"result\":{\"list\":[],\"data\":{\"ret_code\":\"0\",\"ret_msg\":\"\\u8bf7\\u6c42\\u6210\\u529f   \",\"request_begin_time\":\"2020-01-13\",\"gdxm\":\"UID_415399\",\"zjzh\":\"58382679\",\"yyb_ip\":\"trade.10jqka.com.cn\",\"client_ip\":\"112.5.202.134\",\"lg_account\":\"58382679\",\"client_cmd\":\"cmd_qu_chengjiao_today\",\"cmd\":\"cmd_qu_chengjiao\",\"req_time\":\"37\",\"option\":\"1\",\"yyb_id\":\"0\",\"is_show_tbl\":\"1\",\"usedeftxmm\":\"1\",\"iskfjj\":\"0\",\"extend\":\"wtfs*web|mobile*web|client*web|zjzh*58382679|notcheck*1|\",\"lg_account_type\":\"0\",\"yyb_port\":\"8002\"},\"extend\":{\"ex\":\"2.0\",\"bloc\":\"\",\"exl\":\"00039\",\"upflag\":\"0\",\"eloc\":\"\",\"extend_data\":\"\"}}}","v":1}
{"level":30,"time":1578876610078,"pid":5560,"hostname":"xiaxue-PC","name":"firestone-server","msg":"find the mockTrade of user 5d905db9fc84d3224b0eb59c","v":1}
{"level":30,"time":1578876640078,"pid":5560,"hostname":"xiaxue-PC","name":"firestone-server","msg":"find the mockTrade of user 5d905db9fc84d3224b0eb59c","v":1}
{"level":30,"time":1578876670078,"pid":5560,"hostname":"xiaxue-PC","name":"firestone-server","msg":"find the mockTrade of user 5d905db9fc84d3224b0eb59c","v":1}
{"level":30,"time":1578876700077,"pid":5560,"hostname":"xiaxue-PC","name":"firestone-server","msg":"find the mockTrade of user 5d905db9fc84d3224b0eb59c","v":1}
{"level":30,"time":1578876730080,"pid":5560,"hostname":"xiaxue-PC","name":"firestone-server","msg":"find the mockTrade of user 5d905db9fc84d3224b0eb59c","v":1}
{"level":30,"time":1578876760080,"pid":5560,"hostname":"xiaxue-PC","name":"firestone-server","msg":"find the mockTrade of user 5d905db9fc84d3224b0eb59c","v":1}
{"level":30,"time":1578876790081,"pid":5560,"hostname":"xiaxue-PC","name":"firestone-server","msg":"find the mockTrade of user 5d905db9fc84d3224b0eb59c","v":1}
{"level":30,"time":1578876820081,"pid":5560,"hostname":"xiaxue-PC","name":"firestone-server","msg":"find the mockTrade of user 5d905db9fc84d3224b0eb59c","v":1}
{"level":30,"time":1578876850082,"pid":5560,"hostname":"xiaxue-PC","name":"firestone-server","msg":"find the mockTrade of user 5d905db9fc84d3224b0eb59c","v":1}
{"level":30,"time":1578876880081,"pid":5560,"hostname":"xiaxue-PC","name":"firestone-server","msg":"find the mockTrade of user 5d905db9fc84d3224b0eb59c","v":1}
{"level":30,"time":1578876910083,"pid":5560,"hostname":"xiaxue-PC","name":"firestone-server","msg":"find the mockTrade of user 5d905db9fc84d3224b0eb59c","v":1}
{"level":30,"time":1578876940083,"pid":5560,"hostname":"xiaxue-PC","name":"firestone-server","msg":"find the mockTrade of user 5d905db9fc84d3224b0eb59c","v":1}
{"level":30,"time":1578876970085,"pid":5560,"hostname":"xiaxue-PC","name":"firestone-server","msg":"find the mockTrade of user 5d905db9fc84d3224b0eb59c","v":1}
{"level":30,"time":1578877000085,"pid":5560,"hostname":"xiaxue-PC","name":"firestone-server","msg":"find the mockTrade of user 5d905db9fc84d3224b0eb59c","v":1}
{"level":30,"time":1578877030085,"pid":5560,"hostname":"xiaxue-PC","name":"firestone-server","msg":"find the mockTrade of user 5d905db9fc84d3224b0eb59c","v":1}
{"level":30,"time":1578877060084,"pid":5560,"hostname":"xiaxue-PC","name":"firestone-server","msg":"find the mockTrade of user 5d905db9fc84d3224b0eb59c","v":1}
{"level":30,"time":1578877090087,"pid":5560,"hostname":"xiaxue-PC","name":"firestone-server","msg":"find the mockTrade of user 5d905db9fc84d3224b0eb59c","v":1}
{"level":30,"time":1578877120086,"pid":5560,"hostname":"xiaxue-PC","name":"firestone-server","msg":"find the mockTrade of user 5d905db9fc84d3224b0eb59c","v":1}
{"level":30,"time":1578877150088,"pid":5560,"hostname":"xiaxue-PC","name":"firestone-server","msg":"find the mockTrade of user 5d905db9fc84d3224b0eb59c","v":1}
{"level":30,"time":1578877180088,"pid":5560,"hostname":"xiaxue-PC","name":"firestone-server","msg":"find the mockTrade of user 5d905db9fc84d3224b0eb59c","v":1}
{"level":30,"time":1578877200014,"pid":5560,"hostname":"xiaxue-PC","name":"firestone-server","msg":"find the configMock 5d905db9fc84d3224b0eb59c","v":1}
{"level":30,"time":1578877200106,"pid":5560,"hostname":"xiaxue-PC","name":"firestone-server","msg":"start the firestone service","v":1}
{"level":30,"time":1578877200110,"pid":5560,"hostname":"xiaxue-PC","name":"firestone-server","msg":"reset all mock config curBuyNum = 0, monitor_concept = [] done","v":1}
{"level":30,"time":1578877200496,"pid":5560,"hostname":"xiaxue-PC","name":"firestone-server","msg":"send heart beat to ths get response = {\"errorcode\":0,\"errormsg\":\"\\u8bf7\\u6c42\\u6210\\u529f   \",\"result\":{\"list\":[],\"data\":{\"ret_code\":\"0\",\"ret_msg\":\"\\u8bf7\\u6c42\\u6210\\u529f   \",\"request_begin_time\":\"2020-01-13\",\"gdxm\":\"UID_415399\",\"zjzh\":\"58382679\",\"yyb_ip\":\"trade.10jqka.com.cn\",\"client_ip\":\"112.5.202.134\",\"lg_account\":\"58382679\",\"client_cmd\":\"cmd_qu_chengjiao_today\",\"cmd\":\"cmd_qu_chengjiao\",\"req_time\":\"33\",\"option\":\"1\",\"yyb_id\":\"0\",\"is_show_tbl\":\"1\",\"usedeftxmm\":\"1\",\"iskfjj\":\"0\",\"extend\":\"wtfs*web|mobile*web|client*web|zjzh*58382679|notcheck*1|\",\"lg_account_type\":\"0\",\"yyb_port\":\"8002\"},\"extend\":{\"ex\":\"2.0\",\"bloc\":\"\",\"exl\":\"00039\",\"upflag\":\"0\",\"eloc\":\"\",\"extend_data\":\"\"}}}","v":1}
{"level":30,"time":1578877210094,"pid":5560,"hostname":"xiaxue-PC","name":"firestone-server","msg":"find the mockTrade of user 5d905db9fc84d3224b0eb59c","v":1}
{"level":30,"time":1578877240090,"pid":5560,"hostname":"xiaxue-PC","name":"firestone-server","msg":"find the mockTrade of user 5d905db9fc84d3224b0eb59c","v":1}
{"level":30,"time":1578877270090,"pid":5560,"hostname":"xiaxue-PC","name":"firestone-server","msg":"find the mockTrade of user 5d905db9fc84d3224b0eb59c","v":1}
{"level":30,"time":1578877300089,"pid":5560,"hostname":"xiaxue-PC","name":"firestone-server","msg":"find the mockTrade of user 5d905db9fc84d3224b0eb59c","v":1}
{"level":30,"time":1578877330091,"pid":5560,"hostname":"xiaxue-PC","name":"firestone-server","msg":"find the mockTrade of user 5d905db9fc84d3224b0eb59c","v":1}
{"level":30,"time":1578877360094,"pid":5560,"hostname":"xiaxue-PC","name":"firestone-server","msg":"find the mockTrade of user 5d905db9fc84d3224b0eb59c","v":1}
{"level":30,"time":1578877390092,"pid":5560,"hostname":"xiaxue-PC","name":"firestone-server","msg":"find the mockTrade of user 5d905db9fc84d3224b0eb59c","v":1}
{"level":30,"time":1578877420092,"pid":5560,"hostname":"xiaxue-PC","name":"firestone-server","msg":"find the mockTrade of user 5d905db9fc84d3224b0eb59c","v":1}
{"level":30,"time":1578877450093,"pid":5560,"hostname":"xiaxue-PC","name":"firestone-server","msg":"find the mockTrade of user 5d905db9fc84d3224b0eb59c","v":1}
{"level":30,"time":1578877480094,"pid":5560,"hostname":"xiaxue-PC","name":"firestone-server","msg":"find the mockTrade of user 5d905db9fc84d3224b0eb59c","v":1}
{"level":30,"time":1578877510095,"pid":5560,"hostname":"xiaxue-PC","name":"firestone-server","msg":"find the mockTrade of user 5d905db9fc84d3224b0eb59c","v":1}
{"level":30,"time":1578877540095,"pid":5560,"hostname":"xiaxue-PC","name":"firestone-server","msg":"find the mockTrade of user 5d905db9fc84d3224b0eb59c","v":1}
{"level":30,"time":1578877570094,"pid":5560,"hostname":"xiaxue-PC","name":"firestone-server","msg":"find the mockTrade of user 5d905db9fc84d3224b0eb59c","v":1}
{"level":30,"time":1578877600095,"pid":5560,"hostname":"xiaxue-PC","name":"firestone-server","msg":"find the mockTrade of user 5d905db9fc84d3224b0eb59c","v":1}
{"level":30,"time":1578877630096,"pid":5560,"hostname":"xiaxue-PC","name":"firestone-server","msg":"find the mockTrade of user 5d905db9fc84d3224b0eb59c","v":1}
{"level":30,"time":1578877660097,"pid":5560,"hostname":"xiaxue-PC","name":"firestone-server","msg":"find the mockTrade of user 5d905db9fc84d3224b0eb59c","v":1}
{"level":30,"time":1578877690098,"pid":5560,"hostname":"xiaxue-PC","name":"firestone-server","msg":"find the mockTrade of user 5d905db9fc84d3224b0eb59c","v":1}
{"level":30,"time":1578877720098,"pid":5560,"hostname":"xiaxue-PC","name":"firestone-server","msg":"find the mockTrade of user 5d905db9fc84d3224b0eb59c","v":1}
{"level":30,"time":1578877750099,"pid":5560,"hostname":"xiaxue-PC","name":"firestone-server","msg":"find the mockTrade of user 5d905db9fc84d3224b0eb59c","v":1}
{"level":30,"time":1578877780098,"pid":5560,"hostname":"xiaxue-PC","name":"firestone-server","msg":"find the mockTrade of user 5d905db9fc84d3224b0eb59c","v":1}
{"level":30,"time":1578877800013,"pid":5560,"hostname":"xiaxue-PC","name":"firestone-server","msg":"find the configMock 5d905db9fc84d3224b0eb59c","v":1}
{"level":30,"time":1578877800342,"pid":5560,"hostname":"xiaxue-PC","name":"firestone-server","msg":"send heart beat to ths get response = {\"errorcode\":0,\"errormsg\":\"\\u8bf7\\u6c42\\u6210\\u529f   \",\"result\":{\"list\":[],\"data\":{\"ret_code\":\"0\",\"ret_msg\":\"\\u8bf7\\u6c42\\u6210\\u529f   \",\"request_begin_time\":\"2020-01-13\",\"gdxm\":\"UID_415399\",\"zjzh\":\"58382679\",\"yyb_ip\":\"trade.10jqka.com.cn\",\"client_ip\":\"112.5.202.134\",\"lg_account\":\"58382679\",\"client_cmd\":\"cmd_qu_chengjiao_today\",\"cmd\":\"cmd_qu_chengjiao\",\"req_time\":\"18\",\"option\":\"1\",\"yyb_id\":\"0\",\"is_show_tbl\":\"1\",\"usedeftxmm\":\"1\",\"iskfjj\":\"0\",\"extend\":\"wtfs*web|mobile*web|client*web|zjzh*58382679|notcheck*1|\",\"lg_account_type\":\"0\",\"yyb_port\":\"8002\"},\"extend\":{\"ex\":\"2.0\",\"bloc\":\"\",\"exl\":\"00039\",\"upflag\":\"0\",\"eloc\":\"\",\"extend_data\":\"\"}}}","v":1}
{"level":30,"time":1578877810099,"pid":5560,"hostname":"xiaxue-PC","name":"firestone-server","msg":"find the mockTrade of user 5d905db9fc84d3224b0eb59c","v":1}
{"level":30,"time":1578877840100,"pid":5560,"hostname":"xiaxue-PC","name":"firestone-server","msg":"find the mockTrade of user 5d905db9fc84d3224b0eb59c","v":1}
{"level":30,"time":1578877870102,"pid":5560,"hostname":"xiaxue-PC","name":"firestone-server","msg":"find the mockTrade of user 5d905db9fc84d3224b0eb59c","v":1}
{"level":30,"time":1578877900101,"pid":5560,"hostname":"xiaxue-PC","name":"firestone-server","msg":"find the mockTrade of user 5d905db9fc84d3224b0eb59c","v":1}
{"level":30,"time":1578877930101,"pid":5560,"hostname":"xiaxue-PC","name":"firestone-server","msg":"find the mockTrade of user 5d905db9fc84d3224b0eb59c","v":1}
{"level":30,"time":1578877960102,"pid":5560,"hostname":"xiaxue-PC","name":"firestone-server","msg":"find the mockTrade of user 5d905db9fc84d3224b0eb59c","v":1}
{"level":30,"time":1578877990103,"pid":5560,"hostname":"xiaxue-PC","name":"firestone-server","msg":"find the mockTrade of user 5d905db9fc84d3224b0eb59c","v":1}
{"level":30,"time":1578878020103,"pid":5560,"hostname":"xiaxue-PC","name":"firestone-server","msg":"find the mockTrade of user 5d905db9fc84d3224b0eb59c","v":1}
{"level":30,"time":1578878050104,"pid":5560,"hostname":"xiaxue-PC","name":"firestone-server","msg":"find the mockTrade of user 5d905db9fc84d3224b0eb59c","v":1}
{"level":30,"time":1578878080104,"pid":5560,"hostname":"xiaxue-PC","name":"firestone-server","msg":"find the mockTrade of user 5d905db9fc84d3224b0eb59c","v":1}
{"level":30,"time":1578878110105,"pid":5560,"hostname":"xiaxue-PC","name":"firestone-server","msg":"find the mockTrade of user 5d905db9fc84d3224b0eb59c","v":1}
{"level":30,"time":1578878140106,"pid":5560,"hostname":"xiaxue-PC","name":"firestone-server","msg":"find the mockTrade of user 5d905db9fc84d3224b0eb59c","v":1}
{"level":30,"time":1578878170107,"pid":5560,"hostname":"xiaxue-PC","name":"firestone-server","msg":"find the mockTrade of user 5d905db9fc84d3224b0eb59c","v":1}
{"level":30,"time":1578878200107,"pid":5560,"hostname":"xiaxue-PC","name":"firestone-server","msg":"find the mockTrade of user 5d905db9fc84d3224b0eb59c","v":1}
{"level":30,"time":1578878230112,"pid":5560,"hostname":"xiaxue-PC","name":"firestone-server","msg":"find the mockTrade of user 5d905db9fc84d3224b0eb59c","v":1}
{"level":30,"time":1578878260108,"pid":5560,"hostname":"xiaxue-PC","name":"firestone-server","msg":"find the mockTrade of user 5d905db9fc84d3224b0eb59c","v":1}
{"level":30,"time":1578878290112,"pid":5560,"hostname":"xiaxue-PC","name":"firestone-server","msg":"find the mockTrade of user 5d905db9fc84d3224b0eb59c","v":1}
{"level":30,"time":1578878320109,"pid":5560,"hostname":"xiaxue-PC","name":"firestone-server","msg":"find the mockTrade of user 5d905db9fc84d3224b0eb59c","v":1}
{"level":30,"time":1578878350114,"pid":5560,"hostname":"xiaxue-PC","name":"firestone-server","msg":"find the mockTrade of user 5d905db9fc84d3224b0eb59c","v":1}
{"level":30,"time":1578878380111,"pid":5560,"hostname":"xiaxue-PC","name":"firestone-server","msg":"find the mockTrade of user 5d905db9fc84d3224b0eb59c","v":1}
{"level":30,"time":1578878400013,"pid":5560,"hostname":"xiaxue-PC","name":"firestone-server","msg":"find the configMock 5d905db9fc84d3224b0eb59c","v":1}
{"level":30,"time":1578878400351,"pid":5560,"hostname":"xiaxue-PC","name":"firestone-server","msg":"send heart beat to ths get response = {\"errorcode\":0,\"errormsg\":\"\\u8bf7\\u6c42\\u6210\\u529f   \",\"result\":{\"list\":[],\"data\":{\"ret_code\":\"0\",\"ret_msg\":\"\\u8bf7\\u6c42\\u6210\\u529f   \",\"request_begin_time\":\"2020-01-13\",\"gdxm\":\"UID_415399\",\"zjzh\":\"58382679\",\"yyb_ip\":\"trade.10jqka.com.cn\",\"client_ip\":\"112.5.202.134\",\"lg_account\":\"58382679\",\"client_cmd\":\"cmd_qu_chengjiao_today\",\"cmd\":\"cmd_qu_chengjiao\",\"req_time\":\"16\",\"option\":\"1\",\"yyb_id\":\"0\",\"is_show_tbl\":\"1\",\"usedeftxmm\":\"1\",\"iskfjj\":\"0\",\"extend\":\"wtfs*web|mobile*web|client*web|zjzh*58382679|notcheck*1|\",\"lg_account_type\":\"0\",\"yyb_port\":\"8002\"},\"extend\":{\"ex\":\"2.0\",\"bloc\":\"\",\"exl\":\"00039\",\"upflag\":\"0\",\"eloc\":\"\",\"extend_data\":\"\"}}}","v":1}
{"level":30,"time":1578878410112,"pid":5560,"hostname":"xiaxue-PC","name":"firestone-server","msg":"find the mockTrade of user 5d905db9fc84d3224b0eb59c","v":1}
{"level":30,"time":1578878440120,"pid":5560,"hostname":"xiaxue-PC","name":"firestone-server","msg":"find the mockTrade of user 5d905db9fc84d3224b0eb59c","v":1}
{"level":30,"time":1578878470112,"pid":5560,"hostname":"xiaxue-PC","name":"firestone-server","msg":"find the mockTrade of user 5d905db9fc84d3224b0eb59c","v":1}
{"level":30,"time":1578878500118,"pid":5560,"hostname":"xiaxue-PC","name":"firestone-server","msg":"find the mockTrade of user 5d905db9fc84d3224b0eb59c","v":1}
{"level":30,"time":1578878530113,"pid":5560,"hostname":"xiaxue-PC","name":"firestone-server","msg":"find the mockTrade of user 5d905db9fc84d3224b0eb59c","v":1}
{"level":30,"time":1578878560117,"pid":5560,"hostname":"xiaxue-PC","name":"firestone-server","msg":"find the mockTrade of user 5d905db9fc84d3224b0eb59c","v":1}
{"level":30,"time":1578878590114,"pid":5560,"hostname":"xiaxue-PC","name":"firestone-server","msg":"find the mockTrade of user 5d905db9fc84d3224b0eb59c","v":1}
{"level":30,"time":1578878620117,"pid":5560,"hostname":"xiaxue-PC","name":"firestone-server","msg":"find the mockTrade of user 5d905db9fc84d3224b0eb59c","v":1}
{"level":30,"time":1578878650118,"pid":5560,"hostname":"xiaxue-PC","name":"firestone-server","msg":"find the mockTrade of user 5d905db9fc84d3224b0eb59c","v":1}
{"level":30,"time":1578878680117,"pid":5560,"hostname":"xiaxue-PC","name":"firestone-server","msg":"find the mockTrade of user 5d905db9fc84d3224b0eb59c","v":1}
{"level":30,"time":1578878710120,"pid":5560,"hostname":"xiaxue-PC","name":"firestone-server","msg":"find the mockTrade of user 5d905db9fc84d3224b0eb59c","v":1}
{"level":30,"time":1578878740117,"pid":5560,"hostname":"xiaxue-PC","name":"firestone-server","msg":"find the mockTrade of user 5d905db9fc84d3224b0eb59c","v":1}
{"level":30,"time":1578878770117,"pid":5560,"hostname":"xiaxue-PC","name":"firestone-server","msg":"find the mockTrade of user 5d905db9fc84d3224b0eb59c","v":1}
{"level":30,"time":1578878800121,"pid":5560,"hostname":"xiaxue-PC","name":"firestone-server","msg":"find the mockTrade of user 5d905db9fc84d3224b0eb59c","v":1}
{"level":30,"time":1578878830121,"pid":5560,"hostname":"xiaxue-PC","name":"firestone-server","msg":"find the mockTrade of user 5d905db9fc84d3224b0eb59c","v":1}
{"level":30,"time":1578878860118,"pid":5560,"hostname":"xiaxue-PC","name":"firestone-server","msg":"find the mockTrade of user 5d905db9fc84d3224b0eb59c","v":1}
{"level":30,"time":1578878890119,"pid":5560,"hostname":"xiaxue-PC","name":"firestone-server","msg":"find the mockTrade of user 5d905db9fc84d3224b0eb59c","v":1}
{"level":30,"time":1578878920120,"pid":5560,"hostname":"xiaxue-PC","name":"firestone-server","msg":"find the mockTrade of user 5d905db9fc84d3224b0eb59c","v":1}
{"level":30,"time":1578878950121,"pid":5560,"hostname":"xiaxue-PC","name":"firestone-server","msg":"find the mockTrade of user 5d905db9fc84d3224b0eb59c","v":1}
{"level":30,"time":1578878980121,"pid":5560,"hostname":"xiaxue-PC","name":"firestone-server","msg":"find the mockTrade of user 5d905db9fc84d3224b0eb59c","v":1}
{"level":30,"time":1578879000014,"pid":5560,"hostname":"xiaxue-PC","name":"firestone-server","msg":"find the configMock 5d905db9fc84d3224b0eb59c","v":1}
{"level":30,"time":1578879003524,"pid":5560,"hostname":"xiaxue-PC","name":"firestone-server","msg":"send heart beat to ths get response = {\"errorcode\":0,\"errormsg\":\"\\u8bf7\\u6c42\\u6210\\u529f   \",\"result\":{\"list\":[],\"data\":{\"ret_code\":\"0\",\"ret_msg\":\"\\u8bf7\\u6c42\\u6210\\u529f   \",\"request_begin_time\":\"2020-01-13\",\"gdxm\":\"UID_415399\",\"zjzh\":\"58382679\",\"yyb_ip\":\"trade.10jqka.com.cn\",\"client_ip\":\"112.5.202.134\",\"lg_account\":\"58382679\",\"client_cmd\":\"cmd_qu_chengjiao_today\",\"cmd\":\"cmd_qu_chengjiao\",\"req_time\":\"33\",\"option\":\"1\",\"yyb_id\":\"0\",\"is_show_tbl\":\"1\",\"usedeftxmm\":\"1\",\"iskfjj\":\"0\",\"extend\":\"wtfs*web|mobile*web|client*web|zjzh*58382679|notcheck*1|\",\"lg_account_type\":\"0\",\"yyb_port\":\"8002\"},\"extend\":{\"ex\":\"2.0\",\"bloc\":\"\",\"exl\":\"00039\",\"upflag\":\"0\",\"eloc\":\"\",\"extend_data\":\"\"}}}","v":1}
{"level":30,"time":1578879010122,"pid":5560,"hostname":"xiaxue-PC","name":"firestone-server","msg":"find the mockTrade of user 5d905db9fc84d3224b0eb59c","v":1}
{"level":30,"time":1578879040122,"pid":5560,"hostname":"xiaxue-PC","name":"firestone-server","msg":"find the mockTrade of user 5d905db9fc84d3224b0eb59c","v":1}
{"level":30,"time":1578879070123,"pid":5560,"hostname":"xiaxue-PC","name":"firestone-server","msg":"find the mockTrade of user 5d905db9fc84d3224b0eb59c","v":1}
{"level":30,"time":1578879100122,"pid":5560,"hostname":"xiaxue-PC","name":"firestone-server","msg":"find the mockTrade of user 5d905db9fc84d3224b0eb59c","v":1}
{"level":30,"time":1578879130124,"pid":5560,"hostname":"xiaxue-PC","name":"firestone-server","msg":"find the mockTrade of user 5d905db9fc84d3224b0eb59c","v":1}
{"level":30,"time":1578879160125,"pid":5560,"hostname":"xiaxue-PC","name":"firestone-server","msg":"find the mockTrade of user 5d905db9fc84d3224b0eb59c","v":1}
{"level":30,"time":1578879190129,"pid":5560,"hostname":"xiaxue-PC","name":"firestone-server","msg":"find the mockTrade of user 5d905db9fc84d3224b0eb59c","v":1}
{"level":30,"time":1578879220126,"pid":5560,"hostname":"xiaxue-PC","name":"firestone-server","msg":"find the mockTrade of user 5d905db9fc84d3224b0eb59c","v":1}
{"level":30,"time":1578879250127,"pid":5560,"hostname":"xiaxue-PC","name":"firestone-server","msg":"find the mockTrade of user 5d905db9fc84d3224b0eb59c","v":1}
{"level":30,"time":1578879280126,"pid":5560,"hostname":"xiaxue-PC","name":"firestone-server","msg":"find the mockTrade of user 5d905db9fc84d3224b0eb59c","v":1}
{"level":30,"time":1578879310127,"pid":5560,"hostname":"xiaxue-PC","name":"firestone-server","msg":"find the mockTrade of user 5d905db9fc84d3224b0eb59c","v":1}
{"level":30,"time":1578879340127,"pid":5560,"hostname":"xiaxue-PC","name":"firestone-server","msg":"find the mockTrade of user 5d905db9fc84d3224b0eb59c","v":1}
{"level":30,"time":1578879370129,"pid":5560,"hostname":"xiaxue-PC","name":"firestone-server","msg":"find the mockTrade of user 5d905db9fc84d3224b0eb59c","v":1}
{"level":30,"time":1578879400128,"pid":5560,"hostname":"xiaxue-PC","name":"firestone-server","msg":"find the mockTrade of user 5d905db9fc84d3224b0eb59c","v":1}
{"level":30,"time":1578879430129,"pid":5560,"hostname":"xiaxue-PC","name":"firestone-server","msg":"find the mockTrade of user 5d905db9fc84d3224b0eb59c","v":1}
{"level":30,"time":1578879460131,"pid":5560,"hostname":"xiaxue-PC","name":"firestone-server","msg":"find the mockTrade of user 5d905db9fc84d3224b0eb59c","v":1}
{"level":30,"time":1578879490131,"pid":5560,"hostname":"xiaxue-PC","name":"firestone-server","msg":"find the mockTrade of user 5d905db9fc84d3224b0eb59c","v":1}
{"level":30,"time":1578879520130,"pid":5560,"hostname":"xiaxue-PC","name":"firestone-server","msg":"find the mockTrade of user 5d905db9fc84d3224b0eb59c","v":1}
{"level":30,"time":1578879550132,"pid":5560,"hostname":"xiaxue-PC","name":"firestone-server","msg":"find the mockTrade of user 5d905db9fc84d3224b0eb59c","v":1}
{"level":30,"time":1578879580132,"pid":5560,"hostname":"xiaxue-PC","name":"firestone-server","msg":"find the mockTrade of user 5d905db9fc84d3224b0eb59c","v":1}
{"level":30,"time":1578879600014,"pid":5560,"hostname":"xiaxue-PC","name":"firestone-server","msg":"find the configMock 5d905db9fc84d3224b0eb59c","v":1}
{"level":30,"time":1578879601361,"pid":5560,"hostname":"xiaxue-PC","name":"firestone-server","msg":"send heart beat to ths get response = {\"errorcode\":0,\"errormsg\":\"\\u8bf7\\u6c42\\u6210\\u529f   \",\"result\":{\"list\":[],\"data\":{\"ret_code\":\"0\",\"ret_msg\":\"\\u8bf7\\u6c42\\u6210\\u529f   \",\"request_begin_time\":\"2020-01-13\",\"gdxm\":\"UID_415399\",\"zjzh\":\"58382679\",\"yyb_ip\":\"trade.10jqka.com.cn\",\"client_ip\":\"112.5.202.134\",\"lg_account\":\"58382679\",\"client_cmd\":\"cmd_qu_chengjiao_today\",\"cmd\":\"cmd_qu_chengjiao\",\"req_time\":\"40\",\"option\":\"1\",\"yyb_id\":\"0\",\"is_show_tbl\":\"1\",\"usedeftxmm\":\"1\",\"iskfjj\":\"0\",\"extend\":\"wtfs*web|mobile*web|client*web|zjzh*58382679|notcheck*1|\",\"lg_account_type\":\"0\",\"yyb_port\":\"8002\"},\"extend\":{\"ex\":\"2.0\",\"bloc\":\"\",\"exl\":\"00039\",\"upflag\":\"0\",\"eloc\":\"\",\"extend_data\":\"\"}}}","v":1}
{"level":30,"time":1578879610133,"pid":5560,"hostname":"xiaxue-PC","name":"firestone-server","msg":"find the mockTrade of user 5d905db9fc84d3224b0eb59c","v":1}
{"level":30,"time":1578879640135,"pid":5560,"hostname":"xiaxue-PC","name":"firestone-server","msg":"find the mockTrade of user 5d905db9fc84d3224b0eb59c","v":1}
{"level":30,"time":1578879670134,"pid":5560,"hostname":"xiaxue-PC","name":"firestone-server","msg":"find the mockTrade of user 5d905db9fc84d3224b0eb59c","v":1}
{"level":30,"time":1578879700133,"pid":5560,"hostname":"xiaxue-PC","name":"firestone-server","msg":"find the mockTrade of user 5d905db9fc84d3224b0eb59c","v":1}
{"level":30,"time":1578879730135,"pid":5560,"hostname":"xiaxue-PC","name":"firestone-server","msg":"find the mockTrade of user 5d905db9fc84d3224b0eb59c","v":1}
{"level":30,"time":1578879760135,"pid":5560,"hostname":"xiaxue-PC","name":"firestone-server","msg":"find the mockTrade of user 5d905db9fc84d3224b0eb59c","v":1}
{"level":30,"time":1578879790135,"pid":5560,"hostname":"xiaxue-PC","name":"firestone-server","msg":"find the mockTrade of user 5d905db9fc84d3224b0eb59c","v":1}
{"level":30,"time":1578879820136,"pid":5560,"hostname":"xiaxue-PC","name":"firestone-server","msg":"find the mockTrade of user 5d905db9fc84d3224b0eb59c","v":1}
{"level":30,"time":1578879850137,"pid":5560,"hostname":"xiaxue-PC","name":"firestone-server","msg":"find the mockTrade of user 5d905db9fc84d3224b0eb59c","v":1}
{"level":30,"time":1578879880138,"pid":5560,"hostname":"xiaxue-PC","name":"firestone-server","msg":"find the mockTrade of user 5d905db9fc84d3224b0eb59c","v":1}
{"level":30,"time":1578879910138,"pid":5560,"hostname":"xiaxue-PC","name":"firestone-server","msg":"find the mockTrade of user 5d905db9fc84d3224b0eb59c","v":1}
{"level":30,"time":1578879940139,"pid":5560,"hostname":"xiaxue-PC","name":"firestone-server","msg":"find the mockTrade of user 5d905db9fc84d3224b0eb59c","v":1}
{"level":30,"time":1578879970140,"pid":5560,"hostname":"xiaxue-PC","name":"firestone-server","msg":"find the mockTrade of user 5d905db9fc84d3224b0eb59c","v":1}
{"level":30,"time":1578880000140,"pid":5560,"hostname":"xiaxue-PC","name":"firestone-server","msg":"find the mockTrade of user 5d905db9fc84d3224b0eb59c","v":1}
{"level":30,"time":1578880030142,"pid":5560,"hostname":"xiaxue-PC","name":"firestone-server","msg":"find the mockTrade of user 5d905db9fc84d3224b0eb59c","v":1}
{"level":30,"time":1578880060141,"pid":5560,"hostname":"xiaxue-PC","name":"firestone-server","msg":"find the mockTrade of user 5d905db9fc84d3224b0eb59c","v":1}
{"level":30,"time":1578880090142,"pid":5560,"hostname":"xiaxue-PC","name":"firestone-server","msg":"find the mockTrade of user 5d905db9fc84d3224b0eb59c","v":1}
{"level":30,"time":1578880120143,"pid":5560,"hostname":"xiaxue-PC","name":"firestone-server","msg":"find the mockTrade of user 5d905db9fc84d3224b0eb59c","v":1}
{"level":30,"time":1578880150143,"pid":5560,"hostname":"xiaxue-PC","name":"firestone-server","msg":"find the mockTrade of user 5d905db9fc84d3224b0eb59c","v":1}
{"level":30,"time":1578880180143,"pid":5560,"hostname":"xiaxue-PC","name":"firestone-server","msg":"find the mockTrade of user 5d905db9fc84d3224b0eb59c","v":1}
{"level":30,"time":1578880200014,"pid":5560,"hostname":"xiaxue-PC","name":"firestone-server","msg":"find the configMock 5d905db9fc84d3224b0eb59c","v":1}
{"level":30,"time":1578880200433,"pid":5560,"hostname":"xiaxue-PC","name":"firestone-server","msg":"send heart beat to ths get response = {\"errorcode\":0,\"errormsg\":\"\\u8bf7\\u6c42\\u6210\\u529f   \",\"result\":{\"list\":[],\"data\":{\"ret_code\":\"0\",\"ret_msg\":\"\\u8bf7\\u6c42\\u6210\\u529f   \",\"request_begin_time\":\"2020-01-13\",\"gdxm\":\"UID_415399\",\"zjzh\":\"58382679\",\"yyb_ip\":\"trade.10jqka.com.cn\",\"client_ip\":\"112.5.202.134\",\"lg_account\":\"58382679\",\"client_cmd\":\"cmd_qu_chengjiao_today\",\"cmd\":\"cmd_qu_chengjiao\",\"req_time\":\"39\",\"option\":\"1\",\"yyb_id\":\"0\",\"is_show_tbl\":\"1\",\"usedeftxmm\":\"1\",\"iskfjj\":\"0\",\"extend\":\"wtfs*web|mobile*web|client*web|zjzh*58382679|notcheck*1|\",\"lg_account_type\":\"0\",\"yyb_port\":\"8002\"},\"extend\":{\"ex\":\"2.0\",\"bloc\":\"\",\"exl\":\"00039\",\"upflag\":\"0\",\"eloc\":\"\",\"extend_data\":\"\"}}}","v":1}
{"level":30,"time":1578880210144,"pid":5560,"hostname":"xiaxue-PC","name":"firestone-server","msg":"find the mockTrade of user 5d905db9fc84d3224b0eb59c","v":1}
{"level":30,"time":1578880240145,"pid":5560,"hostname":"xiaxue-PC","name":"firestone-server","msg":"find the mockTrade of user 5d905db9fc84d3224b0eb59c","v":1}
{"level":30,"time":1578880270145,"pid":5560,"hostname":"xiaxue-PC","name":"firestone-server","msg":"find the mockTrade of user 5d905db9fc84d3224b0eb59c","v":1}
{"level":30,"time":1578880300145,"pid":5560,"hostname":"xiaxue-PC","name":"firestone-server","msg":"find the mockTrade of user 5d905db9fc84d3224b0eb59c","v":1}
{"level":30,"time":1578880330147,"pid":5560,"hostname":"xiaxue-PC","name":"firestone-server","msg":"find the mockTrade of user 5d905db9fc84d3224b0eb59c","v":1}
{"level":30,"time":1578880360148,"pid":5560,"hostname":"xiaxue-PC","name":"firestone-server","msg":"find the mockTrade of user 5d905db9fc84d3224b0eb59c","v":1}
{"level":30,"time":1578880390147,"pid":5560,"hostname":"xiaxue-PC","name":"firestone-server","msg":"find the mockTrade of user 5d905db9fc84d3224b0eb59c","v":1}
{"level":30,"time":1578880420148,"pid":5560,"hostname":"xiaxue-PC","name":"firestone-server","msg":"find the mockTrade of user 5d905db9fc84d3224b0eb59c","v":1}
{"level":30,"time":1578880450149,"pid":5560,"hostname":"xiaxue-PC","name":"firestone-server","msg":"find the mockTrade of user 5d905db9fc84d3224b0eb59c","v":1}
{"level":30,"time":1578880480149,"pid":5560,"hostname":"xiaxue-PC","name":"firestone-server","msg":"find the mockTrade of user 5d905db9fc84d3224b0eb59c","v":1}
{"level":30,"time":1578880510149,"pid":5560,"hostname":"xiaxue-PC","name":"firestone-server","msg":"find the mockTrade of user 5d905db9fc84d3224b0eb59c","v":1}
{"level":30,"time":1578880540149,"pid":5560,"hostname":"xiaxue-PC","name":"firestone-server","msg":"find the mockTrade of user 5d905db9fc84d3224b0eb59c","v":1}
{"level":30,"time":1578880570151,"pid":5560,"hostname":"xiaxue-PC","name":"firestone-server","msg":"find the mockTrade of user 5d905db9fc84d3224b0eb59c","v":1}
{"level":30,"time":1578880600151,"pid":5560,"hostname":"xiaxue-PC","name":"firestone-server","msg":"find the mockTrade of user 5d905db9fc84d3224b0eb59c","v":1}
{"level":30,"time":1578880630152,"pid":5560,"hostname":"xiaxue-PC","name":"firestone-server","msg":"find the mockTrade of user 5d905db9fc84d3224b0eb59c","v":1}
{"level":30,"time":1578880660152,"pid":5560,"hostname":"xiaxue-PC","name":"firestone-server","msg":"find the mockTrade of user 5d905db9fc84d3224b0eb59c","v":1}
{"level":30,"time":1578880690153,"pid":5560,"hostname":"xiaxue-PC","name":"firestone-server","msg":"find the mockTrade of user 5d905db9fc84d3224b0eb59c","v":1}
{"level":30,"time":1578880720153,"pid":5560,"hostname":"xiaxue-PC","name":"firestone-server","msg":"find the mockTrade of user 5d905db9fc84d3224b0eb59c","v":1}
{"level":30,"time":1578880750154,"pid":5560,"hostname":"xiaxue-PC","name":"firestone-server","msg":"find the mockTrade of user 5d905db9fc84d3224b0eb59c","v":1}
{"level":30,"time":1578880780154,"pid":5560,"hostname":"xiaxue-PC","name":"firestone-server","msg":"find the mockTrade of user 5d905db9fc84d3224b0eb59c","v":1}
{"level":30,"time":1578880800013,"pid":5560,"hostname":"xiaxue-PC","name":"firestone-server","msg":"find the configMock 5d905db9fc84d3224b0eb59c","v":1}
{"level":30,"time":1578880800353,"pid":5560,"hostname":"xiaxue-PC","name":"firestone-server","msg":"send heart beat to ths get response = {\"errorcode\":0,\"errormsg\":\"\\u8bf7\\u6c42\\u6210\\u529f   \",\"result\":{\"list\":[],\"data\":{\"ret_code\":\"0\",\"ret_msg\":\"\\u8bf7\\u6c42\\u6210\\u529f   \",\"request_begin_time\":\"2020-01-13\",\"gdxm\":\"UID_415399\",\"zjzh\":\"58382679\",\"yyb_ip\":\"trade.10jqka.com.cn\",\"client_ip\":\"112.5.202.134\",\"lg_account\":\"58382679\",\"client_cmd\":\"cmd_qu_chengjiao_today\",\"cmd\":\"cmd_qu_chengjiao\",\"req_time\":\"32\",\"option\":\"1\",\"yyb_id\":\"0\",\"is_show_tbl\":\"1\",\"usedeftxmm\":\"1\",\"iskfjj\":\"0\",\"extend\":\"wtfs*web|mobile*web|client*web|zjzh*58382679|notcheck*1|\",\"lg_account_type\":\"0\",\"yyb_port\":\"8002\"},\"extend\":{\"ex\":\"2.0\",\"bloc\":\"\",\"exl\":\"00039\",\"upflag\":\"0\",\"eloc\":\"\",\"extend_data\":\"\"}}}","v":1}
{"level":30,"time":1578880810155,"pid":5560,"hostname":"xiaxue-PC","name":"firestone-server","msg":"find the mockTrade of user 5d905db9fc84d3224b0eb59c","v":1}
{"level":30,"time":1578880840155,"pid":5560,"hostname":"xiaxue-PC","name":"firestone-server","msg":"find the mockTrade of user 5d905db9fc84d3224b0eb59c","v":1}
{"level":30,"time":1578880870162,"pid":5560,"hostname":"xiaxue-PC","name":"firestone-server","msg":"find the mockTrade of user 5d905db9fc84d3224b0eb59c","v":1}
{"level":30,"time":1578880900155,"pid":5560,"hostname":"xiaxue-PC","name":"firestone-server","msg":"find the mockTrade of user 5d905db9fc84d3224b0eb59c","v":1}
{"level":30,"time":1578880930157,"pid":5560,"hostname":"xiaxue-PC","name":"firestone-server","msg":"find the mockTrade of user 5d905db9fc84d3224b0eb59c","v":1}
{"level":30,"time":1578880960158,"pid":5560,"hostname":"xiaxue-PC","name":"firestone-server","msg":"find the mockTrade of user 5d905db9fc84d3224b0eb59c","v":1}
{"level":30,"time":1578880990158,"pid":5560,"hostname":"xiaxue-PC","name":"firestone-server","msg":"find the mockTrade of user 5d905db9fc84d3224b0eb59c","v":1}
{"level":30,"time":1578881020159,"pid":5560,"hostname":"xiaxue-PC","name":"firestone-server","msg":"find the mockTrade of user 5d905db9fc84d3224b0eb59c","v":1}
{"level":30,"time":1578881050160,"pid":5560,"hostname":"xiaxue-PC","name":"firestone-server","msg":"find the mockTrade of user 5d905db9fc84d3224b0eb59c","v":1}
{"level":30,"time":1578881080160,"pid":5560,"hostname":"xiaxue-PC","name":"firestone-server","msg":"find the mockTrade of user 5d905db9fc84d3224b0eb59c","v":1}
{"level":30,"time":1578881110160,"pid":5560,"hostname":"xiaxue-PC","name":"firestone-server","msg":"find the mockTrade of user 5d905db9fc84d3224b0eb59c","v":1}
{"level":30,"time":1578881140161,"pid":5560,"hostname":"xiaxue-PC","name":"firestone-server","msg":"find the mockTrade of user 5d905db9fc84d3224b0eb59c","v":1}
{"level":30,"time":1578881170162,"pid":5560,"hostname":"xiaxue-PC","name":"firestone-server","msg":"find the mockTrade of user 5d905db9fc84d3224b0eb59c","v":1}
{"level":30,"time":1578881200162,"pid":5560,"hostname":"xiaxue-PC","name":"firestone-server","msg":"find the mockTrade of user 5d905db9fc84d3224b0eb59c","v":1}
{"level":30,"time":1578881230165,"pid":5560,"hostname":"xiaxue-PC","name":"firestone-server","msg":"find the mockTrade of user 5d905db9fc84d3224b0eb59c","v":1}
{"level":30,"time":1578881260162,"pid":5560,"hostname":"xiaxue-PC","name":"firestone-server","msg":"find the mockTrade of user 5d905db9fc84d3224b0eb59c","v":1}
{"level":30,"time":1578881290375,"pid":5560,"hostname":"xiaxue-PC","name":"firestone-server","msg":"find the mockTrade of user 5d905db9fc84d3224b0eb59c","v":1}
{"level":30,"time":1578881320163,"pid":5560,"hostname":"xiaxue-PC","name":"firestone-server","msg":"find the mockTrade of user 5d905db9fc84d3224b0eb59c","v":1}
{"level":30,"time":1578881350165,"pid":5560,"hostname":"xiaxue-PC","name":"firestone-server","msg":"find the mockTrade of user 5d905db9fc84d3224b0eb59c","v":1}
{"level":30,"time":1578881380165,"pid":5560,"hostname":"xiaxue-PC","name":"firestone-server","msg":"find the mockTrade of user 5d905db9fc84d3224b0eb59c","v":1}
{"level":30,"time":1578881400014,"pid":5560,"hostname":"xiaxue-PC","name":"firestone-server","msg":"find the configMock 5d905db9fc84d3224b0eb59c","v":1}
{"level":30,"time":1578881400380,"pid":5560,"hostname":"xiaxue-PC","name":"firestone-server","msg":"send heart beat to ths get response = {\"errorcode\":0,\"errormsg\":\"\\u8bf7\\u6c42\\u6210\\u529f   \",\"result\":{\"list\":[],\"data\":{\"ret_code\":\"0\",\"ret_msg\":\"\\u8bf7\\u6c42\\u6210\\u529f   \",\"request_begin_time\":\"2020-01-13\",\"gdxm\":\"UID_415399\",\"zjzh\":\"58382679\",\"yyb_ip\":\"trade.10jqka.com.cn\",\"client_ip\":\"112.5.202.134\",\"lg_account\":\"58382679\",\"client_cmd\":\"cmd_qu_chengjiao_today\",\"cmd\":\"cmd_qu_chengjiao\",\"req_time\":\"17\",\"option\":\"1\",\"yyb_id\":\"0\",\"is_show_tbl\":\"1\",\"usedeftxmm\":\"1\",\"iskfjj\":\"0\",\"extend\":\"wtfs*web|mobile*web|client*web|zjzh*58382679|notcheck*1|\",\"lg_account_type\":\"0\",\"yyb_port\":\"8002\"},\"extend\":{\"ex\":\"2.0\",\"bloc\":\"\",\"exl\":\"00039\",\"upflag\":\"0\",\"eloc\":\"\",\"extend_data\":\"\"}}}","v":1}
{"level":30,"time":1578881410168,"pid":5560,"hostname":"xiaxue-PC","name":"firestone-server","msg":"find the mockTrade of user 5d905db9fc84d3224b0eb59c","v":1}
{"level":30,"time":1578881440165,"pid":5560,"hostname":"xiaxue-PC","name":"firestone-server","msg":"find the mockTrade of user 5d905db9fc84d3224b0eb59c","v":1}
{"level":30,"time":1578881470166,"pid":5560,"hostname":"xiaxue-PC","name":"firestone-server","msg":"find the mockTrade of user 5d905db9fc84d3224b0eb59c","v":1}
{"level":30,"time":1578881500166,"pid":5560,"hostname":"xiaxue-PC","name":"firestone-server","msg":"find the mockTrade of user 5d905db9fc84d3224b0eb59c","v":1}
{"level":30,"time":1578881530168,"pid":5560,"hostname":"xiaxue-PC","name":"firestone-server","msg":"find the mockTrade of user 5d905db9fc84d3224b0eb59c","v":1}
{"level":30,"time":1578881560168,"pid":5560,"hostname":"xiaxue-PC","name":"firestone-server","msg":"find the mockTrade of user 5d905db9fc84d3224b0eb59c","v":1}
{"level":30,"time":1578881590170,"pid":5560,"hostname":"xiaxue-PC","name":"firestone-server","msg":"find the mockTrade of user 5d905db9fc84d3224b0eb59c","v":1}
{"level":30,"time":1578881620169,"pid":5560,"hostname":"xiaxue-PC","name":"firestone-server","msg":"find the mockTrade of user 5d905db9fc84d3224b0eb59c","v":1}
{"level":30,"time":1578881650170,"pid":5560,"hostname":"xiaxue-PC","name":"firestone-server","msg":"find the mockTrade of user 5d905db9fc84d3224b0eb59c","v":1}
{"level":30,"time":1578881680170,"pid":5560,"hostname":"xiaxue-PC","name":"firestone-server","msg":"find the mockTrade of user 5d905db9fc84d3224b0eb59c","v":1}
{"level":30,"time":1578881710172,"pid":5560,"hostname":"xiaxue-PC","name":"firestone-server","msg":"find the mockTrade of user 5d905db9fc84d3224b0eb59c","v":1}
{"level":30,"time":1578881740172,"pid":5560,"hostname":"xiaxue-PC","name":"firestone-server","msg":"find the mockTrade of user 5d905db9fc84d3224b0eb59c","v":1}
{"level":30,"time":1578881770173,"pid":5560,"hostname":"xiaxue-PC","name":"firestone-server","msg":"find the mockTrade of user 5d905db9fc84d3224b0eb59c","v":1}
{"level":30,"time":1578881800173,"pid":5560,"hostname":"xiaxue-PC","name":"firestone-server","msg":"find the mockTrade of user 5d905db9fc84d3224b0eb59c","v":1}
{"level":30,"time":1578881830173,"pid":5560,"hostname":"xiaxue-PC","name":"firestone-server","msg":"find the mockTrade of user 5d905db9fc84d3224b0eb59c","v":1}
{"level":30,"time":1578881860174,"pid":5560,"hostname":"xiaxue-PC","name":"firestone-server","msg":"find the mockTrade of user 5d905db9fc84d3224b0eb59c","v":1}
{"level":30,"time":1578881890175,"pid":5560,"hostname":"xiaxue-PC","name":"firestone-server","msg":"find the mockTrade of user 5d905db9fc84d3224b0eb59c","v":1}
{"level":30,"time":1578881920175,"pid":5560,"hostname":"xiaxue-PC","name":"firestone-server","msg":"find the mockTrade of user 5d905db9fc84d3224b0eb59c","v":1}
{"level":30,"time":1578881950176,"pid":5560,"hostname":"xiaxue-PC","name":"firestone-server","msg":"find the mockTrade of user 5d905db9fc84d3224b0eb59c","v":1}
{"level":30,"time":1578881980176,"pid":5560,"hostname":"xiaxue-PC","name":"firestone-server","msg":"find the mockTrade of user 5d905db9fc84d3224b0eb59c","v":1}
{"level":30,"time":1578882000012,"pid":5560,"hostname":"xiaxue-PC","name":"firestone-server","msg":"find the configMock 5d905db9fc84d3224b0eb59c","v":1}
{"level":30,"time":1578882000269,"pid":5560,"hostname":"xiaxue-PC","name":"firestone-server","msg":"send heart beat to ths get response = {\"errorcode\":0,\"errormsg\":\"\\u8bf7\\u6c42\\u6210\\u529f   \",\"result\":{\"list\":[],\"data\":{\"ret_code\":\"0\",\"ret_msg\":\"\\u8bf7\\u6c42\\u6210\\u529f   \",\"request_begin_time\":\"2020-01-13\",\"gdxm\":\"UID_415399\",\"zjzh\":\"58382679\",\"yyb_ip\":\"trade.10jqka.com.cn\",\"client_ip\":\"112.5.202.134\",\"lg_account\":\"58382679\",\"client_cmd\":\"cmd_qu_chengjiao_today\",\"cmd\":\"cmd_qu_chengjiao\",\"req_time\":\"33\",\"option\":\"1\",\"yyb_id\":\"0\",\"is_show_tbl\":\"1\",\"usedeftxmm\":\"1\",\"iskfjj\":\"0\",\"extend\":\"wtfs*web|mobile*web|client*web|zjzh*58382679|notcheck*1|\",\"lg_account_type\":\"0\",\"yyb_port\":\"8002\"},\"extend\":{\"ex\":\"2.0\",\"bloc\":\"\",\"exl\":\"00039\",\"upflag\":\"0\",\"eloc\":\"\",\"extend_data\":\"\"}}}","v":1}
{"level":30,"time":1578882010177,"pid":5560,"hostname":"xiaxue-PC","name":"firestone-server","msg":"find the mockTrade of user 5d905db9fc84d3224b0eb59c","v":1}
{"level":30,"time":1578882040177,"pid":5560,"hostname":"xiaxue-PC","name":"firestone-server","msg":"find the mockTrade of user 5d905db9fc84d3224b0eb59c","v":1}
{"level":30,"time":1578882070178,"pid":5560,"hostname":"xiaxue-PC","name":"firestone-server","msg":"find the mockTrade of user 5d905db9fc84d3224b0eb59c","v":1}
{"level":30,"time":1578882100177,"pid":5560,"hostname":"xiaxue-PC","name":"firestone-server","msg":"find the mockTrade of user 5d905db9fc84d3224b0eb59c","v":1}
{"level":30,"time":1578882130180,"pid":5560,"hostname":"xiaxue-PC","name":"firestone-server","msg":"find the mockTrade of user 5d905db9fc84d3224b0eb59c","v":1}
{"level":30,"time":1578882160180,"pid":5560,"hostname":"xiaxue-PC","name":"firestone-server","msg":"find the mockTrade of user 5d905db9fc84d3224b0eb59c","v":1}
{"level":30,"time":1578882190180,"pid":5560,"hostname":"xiaxue-PC","name":"firestone-server","msg":"find the mockTrade of user 5d905db9fc84d3224b0eb59c","v":1}
{"level":30,"time":1578882220180,"pid":5560,"hostname":"xiaxue-PC","name":"firestone-server","msg":"find the mockTrade of user 5d905db9fc84d3224b0eb59c","v":1}
{"level":30,"time":1578882250181,"pid":5560,"hostname":"xiaxue-PC","name":"firestone-server","msg":"find the mockTrade of user 5d905db9fc84d3224b0eb59c","v":1}
{"level":30,"time":1578882253545,"pid":5560,"hostname":"xiaxue-PC","name":"firestone-server","msg":"userId = 5d905db9fc84d3224b0eb59c, update mockTradeId = 5e19955152b131224c698380 with update = {\"state\":\"已完成\"}","v":1}
{"level":30,"time":1578882280181,"pid":5560,"hostname":"xiaxue-PC","name":"firestone-server","msg":"find the mockTrade of user 5d905db9fc84d3224b0eb59c","v":1}
{"level":30,"time":1578882310394,"pid":5560,"hostname":"xiaxue-PC","name":"firestone-server","msg":"find the mockTrade of user 5d905db9fc84d3224b0eb59c","v":1}
{"level":30,"time":1578882340398,"pid":5560,"hostname":"xiaxue-PC","name":"firestone-server","msg":"find the mockTrade of user 5d905db9fc84d3224b0eb59c","v":1}
{"level":30,"time":1578882370395,"pid":5560,"hostname":"xiaxue-PC","name":"firestone-server","msg":"find the mockTrade of user 5d905db9fc84d3224b0eb59c","v":1}
{"level":30,"time":1578882400395,"pid":5560,"hostname":"xiaxue-PC","name":"firestone-server","msg":"find the mockTrade of user 5d905db9fc84d3224b0eb59c","v":1}
{"level":30,"time":1578882430397,"pid":5560,"hostname":"xiaxue-PC","name":"firestone-server","msg":"find the mockTrade of user 5d905db9fc84d3224b0eb59c","v":1}
{"level":30,"time":1578882460400,"pid":5560,"hostname":"xiaxue-PC","name":"firestone-server","msg":"find the mockTrade of user 5d905db9fc84d3224b0eb59c","v":1}
{"level":30,"time":1578882490398,"pid":5560,"hostname":"xiaxue-PC","name":"firestone-server","msg":"find the mockTrade of user 5d905db9fc84d3224b0eb59c","v":1}
{"level":30,"time":1578882520399,"pid":5560,"hostname":"xiaxue-PC","name":"firestone-server","msg":"find the mockTrade of user 5d905db9fc84d3224b0eb59c","v":1}
{"level":30,"time":1578882550398,"pid":5560,"hostname":"xiaxue-PC","name":"firestone-server","msg":"find the mockTrade of user 5d905db9fc84d3224b0eb59c","v":1}
{"level":30,"time":1578882580402,"pid":5560,"hostname":"xiaxue-PC","name":"firestone-server","msg":"find the mockTrade of user 5d905db9fc84d3224b0eb59c","v":1}
{"level":30,"time":1578882600014,"pid":5560,"hostname":"xiaxue-PC","name":"firestone-server","msg":"find the configMock 5d905db9fc84d3224b0eb59c","v":1}
{"level":30,"time":1578882600427,"pid":5560,"hostname":"xiaxue-PC","name":"firestone-server","msg":"send heart beat to ths get response = {\"errorcode\":0,\"errormsg\":\"\\u8bf7\\u6c42\\u6210\\u529f   \",\"result\":{\"list\":[],\"data\":{\"ret_code\":\"0\",\"ret_msg\":\"\\u8bf7\\u6c42\\u6210\\u529f   \",\"request_begin_time\":\"2020-01-13\",\"gdxm\":\"UID_415399\",\"zjzh\":\"58382679\",\"yyb_ip\":\"trade.10jqka.com.cn\",\"client_ip\":\"112.5.202.134\",\"lg_account\":\"58382679\",\"client_cmd\":\"cmd_qu_chengjiao_today\",\"cmd\":\"cmd_qu_chengjiao\",\"req_time\":\"32\",\"option\":\"1\",\"yyb_id\":\"0\",\"is_show_tbl\":\"1\",\"usedeftxmm\":\"1\",\"iskfjj\":\"0\",\"extend\":\"wtfs*web|mobile*web|client*web|zjzh*58382679|notcheck*1|\",\"lg_account_type\":\"0\",\"yyb_port\":\"8002\"},\"extend\":{\"ex\":\"2.0\",\"bloc\":\"\",\"exl\":\"00039\",\"upflag\":\"0\",\"eloc\":\"\",\"extend_data\":\"\"}}}","v":1}
{"level":30,"time":1578882610406,"pid":5560,"hostname":"xiaxue-PC","name":"firestone-server","msg":"find the mockTrade of user 5d905db9fc84d3224b0eb59c","v":1}
{"level":30,"time":1578882640400,"pid":5560,"hostname":"xiaxue-PC","name":"firestone-server","msg":"find the mockTrade of user 5d905db9fc84d3224b0eb59c","v":1}
{"level":30,"time":1578882670447,"pid":5560,"hostname":"xiaxue-PC","name":"firestone-server","msg":"find the mockTrade of user 5d905db9fc84d3224b0eb59c","v":1}
{"level":30,"time":1578882700401,"pid":5560,"hostname":"xiaxue-PC","name":"firestone-server","msg":"find the mockTrade of user 5d905db9fc84d3224b0eb59c","v":1}
{"level":30,"time":1578882730402,"pid":5560,"hostname":"xiaxue-PC","name":"firestone-server","msg":"find the mockTrade of user 5d905db9fc84d3224b0eb59c","v":1}
{"level":30,"time":1578882760401,"pid":5560,"hostname":"xiaxue-PC","name":"firestone-server","msg":"find the mockTrade of user 5d905db9fc84d3224b0eb59c","v":1}
{"level":30,"time":1578882790404,"pid":5560,"hostname":"xiaxue-PC","name":"firestone-server","msg":"find the mockTrade of user 5d905db9fc84d3224b0eb59c","v":1}
{"level":30,"time":1578882820404,"pid":5560,"hostname":"xiaxue-PC","name":"firestone-server","msg":"find the mockTrade of user 5d905db9fc84d3224b0eb59c","v":1}
{"level":30,"time":1578882845483,"pid":5560,"hostname":"xiaxue-PC","name":"firestone-server","msg":"find the mockTrade of user 5d905db9fc84d3224b0eb59c","v":1}
{"level":30,"time":1578882850192,"pid":5560,"hostname":"xiaxue-PC","name":"firestone-server","msg":"find the mockTrade of user 5d905db9fc84d3224b0eb59c","v":1}
{"level":30,"time":1578882880410,"pid":5560,"hostname":"xiaxue-PC","name":"firestone-server","msg":"find the mockTrade of user 5d905db9fc84d3224b0eb59c","v":1}
{"level":30,"time":1578882910406,"pid":5560,"hostname":"xiaxue-PC","name":"firestone-server","msg":"find the mockTrade of user 5d905db9fc84d3224b0eb59c","v":1}
{"level":30,"time":1578882940454,"pid":5560,"hostname":"xiaxue-PC","name":"firestone-server","msg":"find the mockTrade of user 5d905db9fc84d3224b0eb59c","v":1}
{"level":30,"time":1578882970409,"pid":5560,"hostname":"xiaxue-PC","name":"firestone-server","msg":"find the mockTrade of user 5d905db9fc84d3224b0eb59c","v":1}
{"level":30,"time":1578883000414,"pid":5560,"hostname":"xiaxue-PC","name":"firestone-server","msg":"find the mockTrade of user 5d905db9fc84d3224b0eb59c","v":1}
{"level":30,"time":1578883030409,"pid":5560,"hostname":"xiaxue-PC","name":"firestone-server","msg":"find the mockTrade of user 5d905db9fc84d3224b0eb59c","v":1}
{"level":30,"time":1578883060413,"pid":5560,"hostname":"xiaxue-PC","name":"firestone-server","msg":"find the mockTrade of user 5d905db9fc84d3224b0eb59c","v":1}
{"level":30,"time":1578883090409,"pid":5560,"hostname":"xiaxue-PC","name":"firestone-server","msg":"find the mockTrade of user 5d905db9fc84d3224b0eb59c","v":1}
{"level":30,"time":1578883120446,"pid":5560,"hostname":"xiaxue-PC","name":"firestone-server","msg":"find the mockTrade of user 5d905db9fc84d3224b0eb59c","v":1}
{"level":30,"time":1578883150410,"pid":5560,"hostname":"xiaxue-PC","name":"firestone-server","msg":"find the mockTrade of user 5d905db9fc84d3224b0eb59c","v":1}
{"level":30,"time":1578883180419,"pid":5560,"hostname":"xiaxue-PC","name":"firestone-server","msg":"find the mockTrade of user 5d905db9fc84d3224b0eb59c","v":1}
{"level":30,"time":1578883200013,"pid":5560,"hostname":"xiaxue-PC","name":"firestone-server","msg":"find the configMock 5d905db9fc84d3224b0eb59c","v":1}
{"level":30,"time":1578883200385,"pid":5560,"hostname":"xiaxue-PC","name":"firestone-server","msg":"send heart beat to ths get response = {\"errorcode\":0,\"errormsg\":\"\\u8bf7\\u6c42\\u6210\\u529f   \",\"result\":{\"list\":[],\"data\":{\"ret_code\":\"0\",\"ret_msg\":\"\\u8bf7\\u6c42\\u6210\\u529f   \",\"request_begin_time\":\"2020-01-13\",\"gdxm\":\"UID_415399\",\"zjzh\":\"58382679\",\"yyb_ip\":\"trade.10jqka.com.cn\",\"client_ip\":\"112.5.202.134\",\"lg_account\":\"58382679\",\"client_cmd\":\"cmd_qu_chengjiao_today\",\"cmd\":\"cmd_qu_chengjiao\",\"req_time\":\"34\",\"option\":\"1\",\"yyb_id\":\"0\",\"is_show_tbl\":\"1\",\"usedeftxmm\":\"1\",\"iskfjj\":\"0\",\"extend\":\"wtfs*web|mobile*web|client*web|zjzh*58382679|notcheck*1|\",\"lg_account_type\":\"0\",\"yyb_port\":\"8002\"},\"extend\":{\"ex\":\"2.0\",\"bloc\":\"\",\"exl\":\"00039\",\"upflag\":\"0\",\"eloc\":\"\",\"extend_data\":\"\"}}}","v":1}
{"level":30,"time":1578883210410,"pid":5560,"hostname":"xiaxue-PC","name":"firestone-server","msg":"find the mockTrade of user 5d905db9fc84d3224b0eb59c","v":1}
{"level":30,"time":1578883240417,"pid":5560,"hostname":"xiaxue-PC","name":"firestone-server","msg":"find the mockTrade of user 5d905db9fc84d3224b0eb59c","v":1}
{"level":30,"time":1578883270411,"pid":5560,"hostname":"xiaxue-PC","name":"firestone-server","msg":"find the mockTrade of user 5d905db9fc84d3224b0eb59c","v":1}
{"level":30,"time":1578883300420,"pid":5560,"hostname":"xiaxue-PC","name":"firestone-server","msg":"find the mockTrade of user 5d905db9fc84d3224b0eb59c","v":1}
{"level":30,"time":1578883330418,"pid":5560,"hostname":"xiaxue-PC","name":"firestone-server","msg":"find the mockTrade of user 5d905db9fc84d3224b0eb59c","v":1}
{"level":30,"time":1578883360421,"pid":5560,"hostname":"xiaxue-PC","name":"firestone-server","msg":"find the mockTrade of user 5d905db9fc84d3224b0eb59c","v":1}
{"level":30,"time":1578883390415,"pid":5560,"hostname":"xiaxue-PC","name":"firestone-server","msg":"find the mockTrade of user 5d905db9fc84d3224b0eb59c","v":1}
{"level":30,"time":1578883420418,"pid":5560,"hostname":"xiaxue-PC","name":"firestone-server","msg":"find the mockTrade of user 5d905db9fc84d3224b0eb59c","v":1}
{"level":30,"time":1578883450416,"pid":5560,"hostname":"xiaxue-PC","name":"firestone-server","msg":"find the mockTrade of user 5d905db9fc84d3224b0eb59c","v":1}
{"level":30,"time":1578883480415,"pid":5560,"hostname":"xiaxue-PC","name":"firestone-server","msg":"find the mockTrade of user 5d905db9fc84d3224b0eb59c","v":1}
{"level":30,"time":1578883510418,"pid":5560,"hostname":"xiaxue-PC","name":"firestone-server","msg":"find the mockTrade of user 5d905db9fc84d3224b0eb59c","v":1}
{"level":30,"time":1578883540417,"pid":5560,"hostname":"xiaxue-PC","name":"firestone-server","msg":"find the mockTrade of user 5d905db9fc84d3224b0eb59c","v":1}
{"level":30,"time":1578883570417,"pid":5560,"hostname":"xiaxue-PC","name":"firestone-server","msg":"find the mockTrade of user 5d905db9fc84d3224b0eb59c","v":1}
{"level":30,"time":1578883600417,"pid":5560,"hostname":"xiaxue-PC","name":"firestone-server","msg":"find the mockTrade of user 5d905db9fc84d3224b0eb59c","v":1}
{"level":30,"time":1578883625315,"pid":5560,"hostname":"xiaxue-PC","name":"firestone-server","msg":"userId = 5d905db9fc84d3224b0eb59c, update mockTradeId = 5e19955152b131224c698380 with update = {\"state\":\"运行中\"}","v":1}
{"level":30,"time":1578883625339,"pid":5560,"hostname":"xiaxue-PC","name":"firestone-server","msg":"start the firestonerock service code=N/A, tradeId=5e19955152b131224c698380","v":1}
{"level":30,"time":1578883630207,"pid":5560,"hostname":"xiaxue-PC","name":"firestone-server","msg":"find the mockTrade of user 5d905db9fc84d3224b0eb59c","v":1}
{"level":30,"time":1578883660206,"pid":5560,"hostname":"xiaxue-PC","name":"firestone-server","msg":"find the mockTrade of user 5d905db9fc84d3224b0eb59c","v":1}
{"level":30,"time":1578883686914,"pid":5560,"hostname":"xiaxue-PC","name":"firestone-server","msg":"start the firestonerock service code=002813, tradeId=5e1bda66e5294d1e74d14be4","v":1}
{"level":30,"time":1578883686962,"pid":5560,"hostname":"xiaxue-PC","name":"firestone-server","msg":"start the firestonerock service code=002284, tradeId=5e1bda66e5294d1e74d14be5","v":1}
{"level":30,"time":1578883687029,"pid":5560,"hostname":"xiaxue-PC","name":"firestone-server","msg":"start the firestonerock service code=002766, tradeId=5e1bda67e5294d1e74d14be6","v":1}
{"level":30,"time":1578883690500,"pid":5560,"hostname":"xiaxue-PC","name":"firestone-server","msg":"find the mockTrade of user 5d905db9fc84d3224b0eb59c","v":1}
{"level":30,"time":1578883690589,"pid":5560,"hostname":"xiaxue-PC","name":"firestone-server","msg":"start the firestonerock service code=688288, tradeId=5e1bda6ae5294d1e74d14be7","v":1}
{"level":30,"time":1578883697038,"pid":5560,"hostname":"xiaxue-PC","name":"firestone-server","msg":"start the firestonerock service code=300667, tradeId=5e1bda70e5294d1e74d14be8","v":1}
{"level":30,"time":1578883706307,"pid":5560,"hostname":"xiaxue-PC","name":"firestone-server","msg":"start the firestonerock service code=600006, tradeId=5e1bda7ae5294d1e74d14be9","v":1}
{"level":30,"time":1578883707687,"pid":5560,"hostname":"xiaxue-PC","name":"firestone-server","msg":"start the firestonerock service code=600418, tradeId=5e1bda7be5294d1e74d14bea","v":1}
{"level":30,"time":1578883707728,"pid":5560,"hostname":"xiaxue-PC","name":"firestone-server","msg":"start the firestonerock service code=002331, tradeId=5e1bda7be5294d1e74d14beb","v":1}
{"level":30,"time":1578883708659,"pid":5560,"hostname":"xiaxue-PC","name":"firestone-server","msg":"start the firestonerock service code=600960, tradeId=5e1bda7ce5294d1e74d14bec","v":1}
{"level":30,"time":1578883816410,"pid":5560,"hostname":"xiaxue-PC","name":"firestone-server","msg":"find the configMock 5d905db9fc84d3224b0eb59c","v":1}
{"level":30,"time":1578883816420,"pid":5560,"hostname":"xiaxue-PC","name":"firestone-server","msg":"find the mockTrade of user 5d905db9fc84d3224b0eb59c","v":1}
{"level":30,"time":1578883816428,"pid":5560,"hostname":"xiaxue-PC","name":"firestone-server","msg":"find the mockTrade of user 5d905db9fc84d3224b0eb59c","v":1}
